{"/home/travis/build/npmtest/node-npmtest-homebridge-websocket/test.js":{"path":"/home/travis/build/npmtest/node-npmtest-homebridge-websocket/test.js","s":{"1":2,"2":2,"3":2,"4":2,"5":2,"6":2,"7":2,"8":1,"9":2,"10":2,"11":1,"12":1,"13":1,"14":1,"15":2,"16":2,"17":2,"18":2,"19":1,"20":1,"21":2,"22":2,"23":2,"24":1,"25":1,"26":1,"27":1,"28":1,"29":1,"30":1,"31":1,"32":1,"33":1,"34":1,"35":1,"36":1,"37":1,"38":1,"39":2,"40":2,"41":1,"42":2,"43":2,"44":1,"45":2,"46":2,"47":1,"48":2,"49":2,"50":1,"51":1,"52":1,"53":1,"54":1},"b":{"1":[2,1,1,1],"2":[1,1,1,1],"3":[1,1],"4":[1,1],"5":[1,1],"6":[1,1],"7":[1,1],"8":[1,1],"9":[1,1],"10":[1,1,1],"11":[1,1],"12":[1,1],"13":[1,1],"14":[1,1],"15":[1,1],"16":[1,1],"17":[1,1]},"f":{"1":2,"2":2,"3":2,"4":2,"5":2,"6":1,"7":1,"8":1,"9":2,"10":2,"11":2,"12":2,"13":1},"fnMap":{"1":{"name":"(anonymous_1)","line":12,"loc":{"start":{"line":12,"column":1},"end":{"line":12,"column":13}}},"2":{"name":"(anonymous_2)","line":19,"loc":{"start":{"line":19,"column":5},"end":{"line":19,"column":17}}},"3":{"name":"(anonymous_3)","line":23,"loc":{"start":{"line":23,"column":24},"end":{"line":23,"column":36}}},"4":{"name":"(anonymous_4)","line":61,"loc":{"start":{"line":61,"column":5},"end":{"line":61,"column":17}}},"5":{"name":"(anonymous_5)","line":82,"loc":{"start":{"line":82,"column":5},"end":{"line":82,"column":17}}},"6":{"name":"(anonymous_6)","line":91,"loc":{"start":{"line":91,"column":77},"end":{"line":94,"column":10}}},"7":{"name":"(anonymous_7)","line":112,"loc":{"start":{"line":112,"column":83},"end":{"line":115,"column":10}},"skip":true},"8":{"name":"(anonymous_8)","line":123,"loc":{"start":{"line":123,"column":77},"end":{"line":126,"column":10}},"skip":true},"9":{"name":"(anonymous_9)","line":139,"loc":{"start":{"line":139,"column":12},"end":{"line":139,"column":40}},"skip":true},"10":{"name":"(anonymous_10)","line":147,"loc":{"start":{"line":147,"column":77},"end":{"line":150,"column":10}},"skip":true},"11":{"name":"(anonymous_11)","line":158,"loc":{"start":{"line":158,"column":83},"end":{"line":161,"column":10}},"skip":true},"12":{"name":"(anonymous_12)","line":169,"loc":{"start":{"line":169,"column":79},"end":{"line":172,"column":10}},"skip":true},"13":{"name":"(anonymous_13)","line":180,"loc":{"start":{"line":180,"column":75},"end":{"line":183,"column":10}},"skip":true}},"statementMap":{"1":{"start":{"line":12,"column":0},"end":{"line":195,"column":5}},"2":{"start":{"line":14,"column":4},"end":{"line":14,"column":14}},"3":{"start":{"line":19,"column":4},"end":{"line":56,"column":9}},"4":{"start":{"line":21,"column":8},"end":{"line":21,"column":19}},"5":{"start":{"line":23,"column":8},"end":{"line":35,"column":13}},"6":{"start":{"line":24,"column":12},"end":{"line":34,"column":13}},"7":{"start":{"line":25,"column":16},"end":{"line":28,"column":30}},"8":{"start":{"line":30,"column":16},"end":{"line":33,"column":27}},"9":{"start":{"line":37,"column":8},"end":{"line":39,"column":21}},"10":{"start":{"line":40,"column":8},"end":{"line":53,"column":9}},"11":{"start":{"line":43,"column":12},"end":{"line":46,"column":14}},"12":{"start":{"line":47,"column":12},"end":{"line":47,"column":18}},"13":{"start":{"line":50,"column":12},"end":{"line":51,"column":33}},"14":{"start":{"line":52,"column":12},"end":{"line":52,"column":18}},"15":{"start":{"line":55,"column":8},"end":{"line":55,"column":35}},"16":{"start":{"line":61,"column":4},"end":{"line":63,"column":9}},"17":{"start":{"line":62,"column":8},"end":{"line":62,"column":15}},"18":{"start":{"line":64,"column":4},"end":{"line":77,"column":5}},"19":{"start":{"line":70,"column":8},"end":{"line":70,"column":14}},"20":{"start":{"line":76,"column":8},"end":{"line":76,"column":14}},"21":{"start":{"line":82,"column":4},"end":{"line":84,"column":9}},"22":{"start":{"line":83,"column":8},"end":{"line":83,"column":15}},"23":{"start":{"line":85,"column":4},"end":{"line":194,"column":5}},"24":{"start":{"line":91,"column":8},"end":{"line":99,"column":10}},"25":{"start":{"line":98,"column":12},"end":{"line":98,"column":35}},"26":{"start":{"line":102,"column":8},"end":{"line":104,"column":63}},"27":{"start":{"line":105,"column":8},"end":{"line":105,"column":14}},"28":{"start":{"line":112,"column":8},"end":{"line":121,"column":10},"skip":true},"29":{"start":{"line":119,"column":12},"end":{"line":119,"column":55},"skip":true},"30":{"start":{"line":120,"column":12},"end":{"line":120,"column":48},"skip":true},"31":{"start":{"line":123,"column":8},"end":{"line":136,"column":10},"skip":true},"32":{"start":{"line":130,"column":12},"end":{"line":130,"column":76},"skip":true},"33":{"start":{"line":131,"column":12},"end":{"line":131,"column":73},"skip":true},"34":{"start":{"line":132,"column":12},"end":{"line":132,"column":74},"skip":true},"35":{"start":{"line":133,"column":12},"end":{"line":133,"column":79},"skip":true},"36":{"start":{"line":134,"column":12},"end":{"line":134,"column":25},"skip":true},"37":{"start":{"line":135,"column":12},"end":{"line":135,"column":45},"skip":true},"38":{"start":{"line":138,"column":8},"end":{"line":145,"column":14},"skip":true},"39":{"start":{"line":143,"column":16},"end":{"line":143,"column":29},"skip":true},"40":{"start":{"line":144,"column":16},"end":{"line":144,"column":55},"skip":true},"41":{"start":{"line":147,"column":8},"end":{"line":156,"column":10},"skip":true},"42":{"start":{"line":154,"column":12},"end":{"line":154,"column":25},"skip":true},"43":{"start":{"line":155,"column":12},"end":{"line":155,"column":45},"skip":true},"44":{"start":{"line":158,"column":8},"end":{"line":167,"column":10},"skip":true},"45":{"start":{"line":165,"column":12},"end":{"line":165,"column":25},"skip":true},"46":{"start":{"line":166,"column":12},"end":{"line":166,"column":48},"skip":true},"47":{"start":{"line":169,"column":8},"end":{"line":178,"column":10},"skip":true},"48":{"start":{"line":176,"column":12},"end":{"line":176,"column":25},"skip":true},"49":{"start":{"line":177,"column":12},"end":{"line":177,"column":46},"skip":true},"50":{"start":{"line":180,"column":8},"end":{"line":189,"column":10},"skip":true},"51":{"start":{"line":187,"column":12},"end":{"line":187,"column":94},"skip":true},"52":{"start":{"line":188,"column":12},"end":{"line":188,"column":48},"skip":true},"53":{"start":{"line":192,"column":8},"end":{"line":192,"column":35},"skip":true},"54":{"start":{"line":193,"column":8},"end":{"line":193,"column":14},"skip":true}},"branchMap":{"1":{"line":25,"type":"binary-expr","locations":[{"start":{"line":25,"column":23},"end":{"line":25,"column":62}},{"start":{"line":26,"column":20},"end":{"line":26,"column":70}},{"start":{"line":27,"column":20},"end":{"line":27,"column":71}},{"start":{"line":28,"column":20},"end":{"line":28,"column":29}}]},"2":{"line":30,"type":"binary-expr","locations":[{"start":{"line":30,"column":23},"end":{"line":30,"column":37}},{"start":{"line":31,"column":20},"end":{"line":31,"column":61}},{"start":{"line":32,"column":20},"end":{"line":32,"column":70}},{"start":{"line":33,"column":20},"end":{"line":33,"column":26}}]},"3":{"line":37,"type":"cond-expr","locations":[{"start":{"line":38,"column":14},"end":{"line":38,"column":20}},{"start":{"line":39,"column":14},"end":{"line":39,"column":20}}]},"4":{"line":40,"type":"switch","locations":[{"start":{"line":42,"column":8},"end":{"line":47,"column":18}},{"start":{"line":49,"column":8},"end":{"line":52,"column":18}}]},"5":{"line":44,"type":"binary-expr","locations":[{"start":{"line":44,"column":16},"end":{"line":44,"column":44}},{"start":{"line":44,"column":48},"end":{"line":44,"column":66}}]},"6":{"line":50,"type":"binary-expr","locations":[{"start":{"line":50,"column":21},"end":{"line":50,"column":49}},{"start":{"line":50,"column":53},"end":{"line":50,"column":72}}]},"7":{"line":64,"type":"switch","locations":[{"start":{"line":69,"column":4},"end":{"line":70,"column":14}},{"start":{"line":75,"column":4},"end":{"line":76,"column":14}}]},"8":{"line":85,"type":"switch","locations":[{"start":{"line":90,"column":4},"end":{"line":105,"column":14}},{"start":{"line":111,"column":4},"end":{"line":193,"column":14},"skip":true}]},"9":{"line":91,"type":"binary-expr","locations":[{"start":{"line":91,"column":42},"end":{"line":91,"column":73}},{"start":{"line":91,"column":77},"end":{"line":99,"column":9}}]},"10":{"line":102,"type":"binary-expr","locations":[{"start":{"line":102,"column":18},"end":{"line":102,"column":32}},{"start":{"line":103,"column":12},"end":{"line":103,"column":53}},{"start":{"line":104,"column":12},"end":{"line":104,"column":61}}]},"11":{"line":112,"type":"binary-expr","locations":[{"start":{"line":112,"column":45},"end":{"line":112,"column":79},"skip":true},{"start":{"line":112,"column":83},"end":{"line":121,"column":9},"skip":true}]},"12":{"line":123,"type":"binary-expr","locations":[{"start":{"line":123,"column":42},"end":{"line":123,"column":73},"skip":true},{"start":{"line":123,"column":77},"end":{"line":136,"column":9},"skip":true}]},"13":{"line":138,"type":"binary-expr","locations":[{"start":{"line":138,"column":48},"end":{"line":138,"column":85},"skip":true},{"start":{"line":139,"column":12},"end":{"line":145,"column":13},"skip":true}]},"14":{"line":147,"type":"binary-expr","locations":[{"start":{"line":147,"column":42},"end":{"line":147,"column":73},"skip":true},{"start":{"line":147,"column":77},"end":{"line":156,"column":9},"skip":true}]},"15":{"line":158,"type":"binary-expr","locations":[{"start":{"line":158,"column":45},"end":{"line":158,"column":79},"skip":true},{"start":{"line":158,"column":83},"end":{"line":167,"column":9},"skip":true}]},"16":{"line":169,"type":"binary-expr","locations":[{"start":{"line":169,"column":43},"end":{"line":169,"column":75},"skip":true},{"start":{"line":169,"column":79},"end":{"line":178,"column":9},"skip":true}]},"17":{"line":180,"type":"binary-expr","locations":[{"start":{"line":180,"column":41},"end":{"line":180,"column":71},"skip":true},{"start":{"line":180,"column":75},"end":{"line":189,"column":9},"skip":true}]}},"code":["/* istanbul instrument in package npmtest_homebridge_websocket */","/*jslint","    bitwise: true,","    browser: true,","    maxerr: 8,","    maxlen: 96,","    node: true,","    nomen: true,","    regexp: true,","    stupid: true","*/","(function () {","    'use strict';","    var local;","","","","    // run shared js-env code - pre-init","    (function () {","        // init local","        local = {};","        // init modeJs","        local.modeJs = (function () {","            try {","                return typeof navigator.userAgent === 'string' &&","                    typeof document.querySelector('body') === 'object' &&","                    typeof XMLHttpRequest.prototype.open === 'function' &&","                    'browser';","            } catch (errorCaughtBrowser) {","                return module.exports &&","                    typeof process.versions.node === 'string' &&","                    typeof require('http').createServer === 'function' &&","                    'node';","            }","        }());","        // init global","        local.global = local.modeJs === 'browser'","            ? window","            : global;","        switch (local.modeJs) {","        // re-init local from window.local","        case 'browser':","            local = local.global.utility2.objectSetDefault(","                local.global.utility2_rollup || local.global.local,","                local.global.utility2","            );","            break;","        // re-init local from example.js","        case 'node':","            local = (local.global.utility2_rollup || require('utility2'))","                .requireReadme();","            break;","        }","        // export local","        local.global.local = local;","    }());","","","","    // run shared js-env code - function","    (function () {","        return;","    }());","    switch (local.modeJs) {","","","","    // run browser js-env code - function","    case 'browser':","        break;","","","","    // run node js-env code - function","    case 'node':","        break;","    }","","","","    // run shared js-env code - post-init","    (function () {","        return;","    }());","    switch (local.modeJs) {","","","","    // run browser js-env code - post-init","    case 'browser':","        local.testCase_browser_nullCase = local.testCase_browser_nullCase || function (","            options,","            onError","        ) {","        /*","         * this function will test browsers's null-case handling-behavior-behavior","         */","            onError(null, options);","        };","","        // run tests","        local.nop(local.modeTest &&","            document.querySelector('#testRunButton1') &&","            document.querySelector('#testRunButton1').click());","        break;","","","","    // run node js-env code - post-init","    /* istanbul ignore next */","    case 'node':","        local.testCase_buildApidoc_default = local.testCase_buildApidoc_default || function (","            options,","            onError","        ) {","        /*","         * this function will test buildApidoc's default handling-behavior-behavior","         */","            options = { modulePathList: module.paths };","            local.buildApidoc(options, onError);","        };","","        local.testCase_buildApp_default = local.testCase_buildApp_default || function (","            options,","            onError","        ) {","        /*","         * this function will test buildApp's default handling-behavior-behavior","         */","            local.testCase_buildReadme_default(options, local.onErrorThrow);","            local.testCase_buildLib_default(options, local.onErrorThrow);","            local.testCase_buildTest_default(options, local.onErrorThrow);","            local.testCase_buildCustomOrg_default(options, local.onErrorThrow);","            options = [];","            local.buildApp(options, onError);","        };","","        local.testCase_buildCustomOrg_default = local.testCase_buildCustomOrg_default ||","            function (options, onError) {","            /*","             * this function will test buildCustomOrg's default handling-behavior","             */","                options = {};","                local.buildCustomOrg(options, onError);","            };","","        local.testCase_buildLib_default = local.testCase_buildLib_default || function (","            options,","            onError","        ) {","        /*","         * this function will test buildLib's default handling-behavior","         */","            options = {};","            local.buildLib(options, onError);","        };","","        local.testCase_buildReadme_default = local.testCase_buildReadme_default || function (","            options,","            onError","        ) {","        /*","         * this function will test buildReadme's default handling-behavior-behavior","         */","            options = {};","            local.buildReadme(options, onError);","        };","","        local.testCase_buildTest_default = local.testCase_buildTest_default || function (","            options,","            onError","        ) {","        /*","         * this function will test buildTest's default handling-behavior","         */","            options = {};","            local.buildTest(options, onError);","        };","","        local.testCase_webpage_default = local.testCase_webpage_default || function (","            options,","            onError","        ) {","        /*","         * this function will test webpage's default handling-behavior","         */","            options = { modeCoverageMerge: true, url: local.serverLocalHost + '?modeTest=1' };","            local.browserTest(options, onError);","        };","","        // run test-server","        local.testRunServer(local);","        break;","    }","}());",""],"l":{"12":2,"14":2,"19":2,"21":2,"23":2,"24":2,"25":2,"30":1,"37":2,"40":2,"43":1,"47":1,"50":1,"52":1,"55":2,"61":2,"62":2,"64":2,"70":1,"76":1,"82":2,"83":2,"85":2,"91":1,"98":1,"102":1,"105":1,"112":1,"119":1,"120":1,"123":1,"130":1,"131":1,"132":1,"133":1,"134":1,"135":1,"138":1,"143":2,"144":2,"147":1,"154":2,"155":2,"158":1,"165":2,"166":2,"169":1,"176":2,"177":2,"180":1,"187":1,"188":1,"192":1,"193":1}},"/home/travis/build/npmtest/node-npmtest-homebridge-websocket/lib.npmtest_homebridge_websocket.js":{"path":"/home/travis/build/npmtest/node-npmtest-homebridge-websocket/lib.npmtest_homebridge_websocket.js","s":{"1":2,"2":2,"3":2,"4":2,"5":2,"6":2,"7":2,"8":1,"9":2,"10":2,"11":2,"12":2,"13":1,"14":1,"15":1,"16":1},"b":{"1":[2,1,1,1],"2":[1,1,1,1],"3":[1,1],"4":[2,2],"5":[1,1]},"f":{"1":2,"2":2,"3":2},"fnMap":{"1":{"name":"(anonymous_1)","line":12,"loc":{"start":{"line":12,"column":1},"end":{"line":12,"column":13}}},"2":{"name":"(anonymous_2)","line":19,"loc":{"start":{"line":19,"column":5},"end":{"line":19,"column":17}}},"3":{"name":"(anonymous_3)","line":23,"loc":{"start":{"line":23,"column":24},"end":{"line":23,"column":36}}}},"statementMap":{"1":{"start":{"line":12,"column":0},"end":{"line":53,"column":5}},"2":{"start":{"line":14,"column":4},"end":{"line":14,"column":14}},"3":{"start":{"line":19,"column":4},"end":{"line":52,"column":9}},"4":{"start":{"line":21,"column":8},"end":{"line":21,"column":19}},"5":{"start":{"line":23,"column":8},"end":{"line":35,"column":13}},"6":{"start":{"line":24,"column":12},"end":{"line":34,"column":13}},"7":{"start":{"line":25,"column":16},"end":{"line":28,"column":30}},"8":{"start":{"line":30,"column":16},"end":{"line":33,"column":27}},"9":{"start":{"line":37,"column":8},"end":{"line":39,"column":21}},"10":{"start":{"line":41,"column":8},"end":{"line":41,"column":54}},"11":{"start":{"line":43,"column":8},"end":{"line":43,"column":65}},"12":{"start":{"line":45,"column":8},"end":{"line":51,"column":9}},"13":{"start":{"line":46,"column":12},"end":{"line":46,"column":71}},"14":{"start":{"line":48,"column":12},"end":{"line":48,"column":35}},"15":{"start":{"line":49,"column":12},"end":{"line":49,"column":49}},"16":{"start":{"line":50,"column":12},"end":{"line":50,"column":43}}},"branchMap":{"1":{"line":25,"type":"binary-expr","locations":[{"start":{"line":25,"column":23},"end":{"line":25,"column":62}},{"start":{"line":26,"column":20},"end":{"line":26,"column":70}},{"start":{"line":27,"column":20},"end":{"line":27,"column":71}},{"start":{"line":28,"column":20},"end":{"line":28,"column":29}}]},"2":{"line":30,"type":"binary-expr","locations":[{"start":{"line":30,"column":23},"end":{"line":30,"column":37}},{"start":{"line":31,"column":20},"end":{"line":31,"column":61}},{"start":{"line":32,"column":20},"end":{"line":32,"column":70}},{"start":{"line":33,"column":20},"end":{"line":33,"column":26}}]},"3":{"line":37,"type":"cond-expr","locations":[{"start":{"line":38,"column":14},"end":{"line":38,"column":20}},{"start":{"line":39,"column":14},"end":{"line":39,"column":20}}]},"4":{"line":41,"type":"binary-expr","locations":[{"start":{"line":41,"column":16},"end":{"line":41,"column":44}},{"start":{"line":41,"column":48},"end":{"line":41,"column":53}}]},"5":{"line":45,"type":"if","locations":[{"start":{"line":45,"column":8},"end":{"line":45,"column":8}},{"start":{"line":45,"column":8},"end":{"line":45,"column":8}}]}},"code":["/* istanbul instrument in package npmtest_homebridge_websocket */","/*jslint","    bitwise: true,","    browser: true,","    maxerr: 8,","    maxlen: 96,","    node: true,","    nomen: true,","    regexp: true,","    stupid: true","*/","(function () {","    'use strict';","    var local;","","","","    // run shared js-env code - pre-init","    (function () {","        // init local","        local = {};","        // init modeJs","        local.modeJs = (function () {","            try {","                return typeof navigator.userAgent === 'string' &&","                    typeof document.querySelector('body') === 'object' &&","                    typeof XMLHttpRequest.prototype.open === 'function' &&","                    'browser';","            } catch (errorCaughtBrowser) {","                return module.exports &&","                    typeof process.versions.node === 'string' &&","                    typeof require('http').createServer === 'function' &&","                    'node';","            }","        }());","        // init global","        local.global = local.modeJs === 'browser'","            ? window","            : global;","        // init utility2_rollup","        local = local.global.utility2_rollup || local;","        // init lib","        local.local = local.npmtest_homebridge_websocket = local;","        // init exports","        if (local.modeJs === 'browser') {","            local.global.utility2_npmtest_homebridge_websocket = local;","        } else {","            module.exports = local;","            module.exports.__dirname = __dirname;","            module.exports.module = module;","        }","    }());","}());",""],"l":{"12":2,"14":2,"19":2,"21":2,"23":2,"24":2,"25":2,"30":1,"37":2,"41":2,"43":2,"45":2,"46":1,"48":1,"49":1,"50":1}},"/home/travis/build/npmtest/node-npmtest-homebridge-websocket/example.js":{"path":"/home/travis/build/npmtest/node-npmtest-homebridge-websocket/example.js","s":{"1":2,"2":2,"3":2,"4":2,"5":2,"6":2,"7":2,"8":1,"9":2,"10":2,"11":2,"12":2,"13":1,"14":2,"15":2,"16":2,"17":2,"18":2,"19":0,"20":2,"21":1,"22":1,"23":1,"24":1,"25":1,"26":0,"27":0,"28":1,"29":1,"30":2,"31":0,"32":0,"33":0,"34":1,"35":2,"36":2,"37":3,"38":3,"39":3,"40":3,"41":0,"42":3,"43":3,"44":3,"45":1,"46":3,"47":1,"48":1,"49":1,"50":1,"51":1,"52":1,"53":1,"54":1,"55":1,"56":1,"57":0,"58":1,"59":6,"60":6,"61":1,"62":2,"63":0,"64":2,"65":1,"66":1,"67":0,"68":0,"69":0,"70":0,"71":0,"72":0,"73":0,"74":0,"75":0,"76":0,"77":0,"78":0,"79":0,"80":0,"81":0,"82":0,"83":0},"b":{"1":[2,1,1,1],"2":[1,1,1,1],"3":[1,1],"4":[2,2],"5":[1,1],"6":[1,1],"7":[2,0],"8":[2,1,1,1,1,1],"9":[0,2,0],"10":[1,1],"11":[2,1,1],"12":[1,0],"13":[0,2],"14":[2,0,0,0,0,0,0],"15":[0,3],"16":[3,0],"17":[1,1],"18":[0,1],"19":[1,2,0,2],"20":[1,0],"21":[1,1],"22":[0,0],"23":[0,0],"24":[0,0],"25":[0,0],"26":[0,0],"27":[0,0],"28":[0,0]},"f":{"1":2,"2":2,"3":2,"4":2,"5":2,"6":2,"7":3,"8":3,"9":3,"10":1,"11":6,"12":0},"fnMap":{"1":{"name":"(anonymous_1)","line":26,"loc":{"start":{"line":26,"column":1},"end":{"line":26,"column":13}}},"2":{"name":"(anonymous_2)","line":33,"loc":{"start":{"line":33,"column":5},"end":{"line":33,"column":17}}},"3":{"name":"(anonymous_3)","line":37,"loc":{"start":{"line":37,"column":24},"end":{"line":37,"column":36}}},"4":{"name":"(anonymous_4)","line":69,"loc":{"start":{"line":69,"column":31},"end":{"line":69,"column":48}},"skip":true},"5":{"name":"(anonymous_5)","line":78,"loc":{"start":{"line":78,"column":26},"end":{"line":78,"column":45}},"skip":true},"6":{"name":"(anonymous_6)","line":123,"loc":{"start":{"line":123,"column":33},"end":{"line":123,"column":48}},"skip":true},"7":{"name":"(anonymous_7)","line":125,"loc":{"start":{"line":125,"column":27},"end":{"line":125,"column":39}},"skip":true},"8":{"name":"(anonymous_8)","line":133,"loc":{"start":{"line":133,"column":59},"end":{"line":133,"column":74}},"skip":true},"9":{"name":"(anonymous_9)","line":143,"loc":{"start":{"line":143,"column":45},"end":{"line":143,"column":62}},"skip":true},"10":{"name":"(anonymous_10)","line":144,"loc":{"start":{"line":144,"column":73},"end":{"line":144,"column":92}},"skip":true},"11":{"name":"(anonymous_11)","line":272,"loc":{"start":{"line":272,"column":51},"end":{"line":272,"column":77}},"skip":true},"12":{"name":"(anonymous_12)","line":315,"loc":{"start":{"line":315,"column":32},"end":{"line":315,"column":61}},"skip":true}},"statementMap":{"1":{"start":{"line":26,"column":0},"end":{"line":326,"column":5}},"2":{"start":{"line":28,"column":4},"end":{"line":28,"column":14}},"3":{"start":{"line":33,"column":4},"end":{"line":60,"column":9}},"4":{"start":{"line":35,"column":8},"end":{"line":35,"column":19}},"5":{"start":{"line":37,"column":8},"end":{"line":49,"column":13}},"6":{"start":{"line":38,"column":12},"end":{"line":48,"column":13}},"7":{"start":{"line":39,"column":16},"end":{"line":42,"column":30}},"8":{"start":{"line":44,"column":16},"end":{"line":47,"column":27}},"9":{"start":{"line":51,"column":8},"end":{"line":53,"column":21}},"10":{"start":{"line":55,"column":8},"end":{"line":57,"column":45}},"11":{"start":{"line":59,"column":8},"end":{"line":59,"column":35}},"12":{"start":{"line":61,"column":4},"end":{"line":325,"column":5}},"13":{"start":{"line":69,"column":8},"end":{"line":121,"column":10},"skip":true},"14":{"start":{"line":70,"column":12},"end":{"line":88,"column":13},"skip":true},"15":{"start":{"line":76,"column":16},"end":{"line":87,"column":19},"skip":true},"16":{"start":{"line":79,"column":20},"end":{"line":86,"column":21},"skip":true},"17":{"start":{"line":82,"column":24},"end":{"line":82,"column":43},"skip":true},"18":{"start":{"line":83,"column":24},"end":{"line":83,"column":30},"skip":true},"19":{"start":{"line":85,"column":24},"end":{"line":85,"column":49},"skip":true},"20":{"start":{"line":89,"column":12},"end":{"line":107,"column":13},"skip":true},"21":{"start":{"line":92,"column":16},"end":{"line":102,"column":17},"skip":true},"22":{"start":{"line":93,"column":20},"end":{"line":93,"column":86},"skip":true},"23":{"start":{"line":94,"column":20},"end":{"line":95,"column":45},"skip":true},"24":{"start":{"line":96,"column":20},"end":{"line":96,"column":42},"skip":true},"25":{"start":{"line":97,"column":20},"end":{"line":97,"column":48},"skip":true},"26":{"start":{"line":100,"column":20},"end":{"line":100,"column":85},"skip":true},"27":{"start":{"line":101,"column":20},"end":{"line":101,"column":96},"skip":true},"28":{"start":{"line":103,"column":16},"end":{"line":103,"column":22},"skip":true},"29":{"start":{"line":106,"column":16},"end":{"line":106,"column":22},"skip":true},"30":{"start":{"line":108,"column":12},"end":{"line":120,"column":13},"skip":true},"31":{"start":{"line":114,"column":16},"end":{"line":119,"column":17},"skip":true},"32":{"start":{"line":116,"column":20},"end":{"line":116,"column":78},"skip":true},"33":{"start":{"line":118,"column":20},"end":{"line":118,"column":47},"skip":true},"34":{"start":{"line":123,"column":8},"end":{"line":141,"column":11},"skip":true},"35":{"start":{"line":124,"column":12},"end":{"line":124,"column":54},"skip":true},"36":{"start":{"line":125,"column":12},"end":{"line":140,"column":14},"skip":true},"37":{"start":{"line":126,"column":16},"end":{"line":126,"column":28},"skip":true},"38":{"start":{"line":127,"column":16},"end":{"line":127,"column":69},"skip":true},"39":{"start":{"line":128,"column":16},"end":{"line":128,"column":75},"skip":true},"40":{"start":{"line":129,"column":16},"end":{"line":131,"column":17},"skip":true},"41":{"start":{"line":130,"column":20},"end":{"line":130,"column":27},"skip":true},"42":{"start":{"line":133,"column":16},"end":{"line":137,"column":36},"skip":true},"43":{"start":{"line":134,"column":20},"end":{"line":136,"column":55},"skip":true},"44":{"start":{"line":139,"column":16},"end":{"line":139,"column":57},"skip":true},"45":{"start":{"line":143,"column":8},"end":{"line":147,"column":11},"skip":true},"46":{"start":{"line":144,"column":12},"end":{"line":146,"column":15},"skip":true},"47":{"start":{"line":145,"column":16},"end":{"line":145,"column":70},"skip":true},"48":{"start":{"line":149,"column":8},"end":{"line":149,"column":31},"skip":true},"49":{"start":{"line":150,"column":8},"end":{"line":150,"column":14},"skip":true},"50":{"start":{"line":158,"column":8},"end":{"line":158,"column":31},"skip":true},"51":{"start":{"line":160,"column":8},"end":{"line":160,"column":33},"skip":true},"52":{"start":{"line":161,"column":8},"end":{"line":161,"column":37},"skip":true},"53":{"start":{"line":162,"column":8},"end":{"line":162,"column":35},"skip":true},"54":{"start":{"line":164,"column":8},"end":{"line":164,"column":50},"skip":true},"55":{"start":{"line":166,"column":8},"end":{"line":256,"column":2},"skip":true},"56":{"start":{"line":258,"column":8},"end":{"line":286,"column":9},"skip":true},"57":{"start":{"line":259,"column":12},"end":{"line":269,"column":14},"skip":true},"58":{"start":{"line":271,"column":12},"end":{"line":285,"column":19},"skip":true},"59":{"start":{"line":274,"column":20},"end":{"line":274,"column":35},"skip":true},"60":{"start":{"line":275,"column":20},"end":{"line":284,"column":21},"skip":true},"61":{"start":{"line":277,"column":24},"end":{"line":277,"column":64},"skip":true},"62":{"start":{"line":279,"column":24},"end":{"line":279,"column":40},"skip":true},"63":{"start":{"line":281,"column":24},"end":{"line":281,"column":40},"skip":true},"64":{"start":{"line":283,"column":24},"end":{"line":283,"column":39},"skip":true},"65":{"start":{"line":288,"column":8},"end":{"line":290,"column":9},"skip":true},"66":{"start":{"line":289,"column":12},"end":{"line":289,"column":18},"skip":true},"67":{"start":{"line":291,"column":8},"end":{"line":293,"column":54},"skip":true},"68":{"start":{"line":296,"column":8},"end":{"line":301,"column":37},"skip":true},"69":{"start":{"line":303,"column":8},"end":{"line":303,"column":82},"skip":true},"70":{"start":{"line":306,"column":8},"end":{"line":308,"column":9},"skip":true},"71":{"start":{"line":307,"column":12},"end":{"line":307,"column":82},"skip":true},"72":{"start":{"line":310,"column":8},"end":{"line":312,"column":9},"skip":true},"73":{"start":{"line":311,"column":12},"end":{"line":311,"column":18},"skip":true},"74":{"start":{"line":313,"column":8},"end":{"line":313,"column":54},"skip":true},"75":{"start":{"line":314,"column":8},"end":{"line":314,"column":69},"skip":true},"76":{"start":{"line":315,"column":8},"end":{"line":323,"column":36},"skip":true},"77":{"start":{"line":316,"column":12},"end":{"line":316,"column":61},"skip":true},"78":{"start":{"line":317,"column":12},"end":{"line":320,"column":13},"skip":true},"79":{"start":{"line":318,"column":16},"end":{"line":318,"column":75},"skip":true},"80":{"start":{"line":319,"column":16},"end":{"line":319,"column":23},"skip":true},"81":{"start":{"line":321,"column":12},"end":{"line":321,"column":38},"skip":true},"82":{"start":{"line":322,"column":12},"end":{"line":322,"column":27},"skip":true},"83":{"start":{"line":324,"column":8},"end":{"line":324,"column":14},"skip":true}},"branchMap":{"1":{"line":39,"type":"binary-expr","locations":[{"start":{"line":39,"column":23},"end":{"line":39,"column":62}},{"start":{"line":40,"column":20},"end":{"line":40,"column":70}},{"start":{"line":41,"column":20},"end":{"line":41,"column":71}},{"start":{"line":42,"column":20},"end":{"line":42,"column":29}}]},"2":{"line":44,"type":"binary-expr","locations":[{"start":{"line":44,"column":23},"end":{"line":44,"column":37}},{"start":{"line":45,"column":20},"end":{"line":45,"column":61}},{"start":{"line":46,"column":20},"end":{"line":46,"column":70}},{"start":{"line":47,"column":20},"end":{"line":47,"column":26}}]},"3":{"line":51,"type":"cond-expr","locations":[{"start":{"line":52,"column":14},"end":{"line":52,"column":20}},{"start":{"line":53,"column":14},"end":{"line":53,"column":20}}]},"4":{"line":55,"type":"binary-expr","locations":[{"start":{"line":55,"column":16},"end":{"line":55,"column":44}},{"start":{"line":55,"column":49},"end":{"line":57,"column":43}}]},"5":{"line":55,"type":"cond-expr","locations":[{"start":{"line":56,"column":14},"end":{"line":56,"column":64}},{"start":{"line":57,"column":14},"end":{"line":57,"column":43}}]},"6":{"line":61,"type":"switch","locations":[{"start":{"line":68,"column":4},"end":{"line":150,"column":14},"skip":true},{"start":{"line":156,"column":4},"end":{"line":324,"column":14},"skip":true}]},"7":{"line":70,"type":"if","locations":[{"start":{"line":70,"column":12},"end":{"line":70,"column":12},"skip":true},{"start":{"line":70,"column":12},"end":{"line":70,"column":12},"skip":true}]},"8":{"line":70,"type":"binary-expr","locations":[{"start":{"line":70,"column":16},"end":{"line":70,"column":22},"skip":true},{"start":{"line":70,"column":27},"end":{"line":70,"column":32},"skip":true},{"start":{"line":71,"column":20},"end":{"line":71,"column":39},"skip":true},{"start":{"line":72,"column":20},"end":{"line":72,"column":49},"skip":true},{"start":{"line":73,"column":20},"end":{"line":73,"column":58},"skip":true},{"start":{"line":74,"column":20},"end":{"line":74,"column":69},"skip":true}]},"9":{"line":79,"type":"switch","locations":[{"start":{"line":80,"column":20},"end":{"line":80,"column":33},"skip":true},{"start":{"line":81,"column":20},"end":{"line":83,"column":30},"skip":true},{"start":{"line":84,"column":20},"end":{"line":85,"column":49},"skip":true}]},"10":{"line":89,"type":"switch","locations":[{"start":{"line":90,"column":12},"end":{"line":103,"column":22},"skip":true},{"start":{"line":105,"column":12},"end":{"line":106,"column":22},"skip":true}]},"11":{"line":89,"type":"binary-expr","locations":[{"start":{"line":89,"column":20},"end":{"line":89,"column":25},"skip":true},{"start":{"line":89,"column":29},"end":{"line":89,"column":48},"skip":true},{"start":{"line":89,"column":52},"end":{"line":89,"column":74},"skip":true}]},"12":{"line":92,"type":"if","locations":[{"start":{"line":92,"column":16},"end":{"line":92,"column":16},"skip":true},{"start":{"line":92,"column":16},"end":{"line":92,"column":16},"skip":true}]},"13":{"line":108,"type":"if","locations":[{"start":{"line":108,"column":12},"end":{"line":108,"column":12},"skip":true},{"start":{"line":108,"column":12},"end":{"line":108,"column":12},"skip":true}]},"14":{"line":108,"type":"binary-expr","locations":[{"start":{"line":108,"column":16},"end":{"line":108,"column":61},"skip":true},{"start":{"line":108,"column":66},"end":{"line":108,"column":72},"skip":true},{"start":{"line":108,"column":77},"end":{"line":108,"column":82},"skip":true},{"start":{"line":109,"column":20},"end":{"line":109,"column":39},"skip":true},{"start":{"line":110,"column":20},"end":{"line":110,"column":49},"skip":true},{"start":{"line":111,"column":20},"end":{"line":111,"column":58},"skip":true},{"start":{"line":112,"column":20},"end":{"line":112,"column":68},"skip":true}]},"15":{"line":129,"type":"if","locations":[{"start":{"line":129,"column":16},"end":{"line":129,"column":16},"skip":true},{"start":{"line":129,"column":16},"end":{"line":129,"column":16},"skip":true}]},"16":{"line":134,"type":"cond-expr","locations":[{"start":{"line":135,"column":26},"end":{"line":135,"column":29},"skip":true},{"start":{"line":136,"column":26},"end":{"line":136,"column":54},"skip":true}]},"17":{"line":164,"type":"binary-expr","locations":[{"start":{"line":164,"column":27},"end":{"line":164,"column":43},"skip":true},{"start":{"line":164,"column":47},"end":{"line":164,"column":49},"skip":true}]},"18":{"line":258,"type":"if","locations":[{"start":{"line":258,"column":8},"end":{"line":258,"column":8},"skip":true},{"start":{"line":258,"column":8},"end":{"line":258,"column":8},"skip":true}]},"19":{"line":275,"type":"switch","locations":[{"start":{"line":276,"column":20},"end":{"line":277,"column":64},"skip":true},{"start":{"line":278,"column":20},"end":{"line":279,"column":40},"skip":true},{"start":{"line":280,"column":20},"end":{"line":281,"column":40},"skip":true},{"start":{"line":282,"column":20},"end":{"line":283,"column":39},"skip":true}]},"20":{"line":288,"type":"if","locations":[{"start":{"line":288,"column":8},"end":{"line":288,"column":8},"skip":true},{"start":{"line":288,"column":8},"end":{"line":288,"column":8},"skip":true}]},"21":{"line":288,"type":"binary-expr","locations":[{"start":{"line":288,"column":12},"end":{"line":288,"column":40},"skip":true},{"start":{"line":288,"column":44},"end":{"line":288,"column":67},"skip":true}]},"22":{"line":292,"type":"binary-expr","locations":[{"start":{"line":292,"column":12},"end":{"line":292,"column":50},"skip":true},{"start":{"line":293,"column":12},"end":{"line":293,"column":53},"skip":true}]},"23":{"line":297,"type":"binary-expr","locations":[{"start":{"line":297,"column":12},"end":{"line":297,"column":78},"skip":true},{"start":{"line":298,"column":12},"end":{"line":301,"column":36},"skip":true}]},"24":{"line":303,"type":"binary-expr","locations":[{"start":{"line":303,"column":43},"end":{"line":303,"column":75},"skip":true},{"start":{"line":303,"column":79},"end":{"line":303,"column":81},"skip":true}]},"25":{"line":306,"type":"if","locations":[{"start":{"line":306,"column":8},"end":{"line":306,"column":8},"skip":true},{"start":{"line":306,"column":8},"end":{"line":306,"column":8},"skip":true}]},"26":{"line":310,"type":"if","locations":[{"start":{"line":310,"column":8},"end":{"line":310,"column":8},"skip":true},{"start":{"line":310,"column":8},"end":{"line":310,"column":8},"skip":true}]},"27":{"line":313,"type":"binary-expr","locations":[{"start":{"line":313,"column":27},"end":{"line":313,"column":43},"skip":true},{"start":{"line":313,"column":47},"end":{"line":313,"column":53},"skip":true}]},"28":{"line":317,"type":"if","locations":[{"start":{"line":317,"column":12},"end":{"line":317,"column":12},"skip":true},{"start":{"line":317,"column":12},"end":{"line":317,"column":12},"skip":true}]}},"code":["/*","example.js","","quickstart example","","instruction","    1. save this script as example.js","    2. run the shell command:","        $ npm install npmtest-homebridge-websocket && PORT=8081 node example.js","    3. play with the browser-demo on http://127.0.0.1:8081","*/","","","","/* istanbul instrument in package npmtest_homebridge_websocket */","/*jslint","    bitwise: true,","    browser: true,","    maxerr: 8,","    maxlen: 96,","    node: true,","    nomen: true,","    regexp: true,","    stupid: true","*/","(function () {","    'use strict';","    var local;","","","","    // run shared js-env code - pre-init","    (function () {","        // init local","        local = {};","        // init modeJs","        local.modeJs = (function () {","            try {","                return typeof navigator.userAgent === 'string' &&","                    typeof document.querySelector('body') === 'object' &&","                    typeof XMLHttpRequest.prototype.open === 'function' &&","                    'browser';","            } catch (errorCaughtBrowser) {","                return module.exports &&","                    typeof process.versions.node === 'string' &&","                    typeof require('http').createServer === 'function' &&","                    'node';","            }","        }());","        // init global","        local.global = local.modeJs === 'browser'","            ? window","            : global;","        // init utility2_rollup","        local = local.global.utility2_rollup || (local.modeJs === 'browser'","            ? local.global.utility2_npmtest_homebridge_websocket","            : global.utility2_moduleExports);","        // export local","        local.global.local = local;","    }());","    switch (local.modeJs) {","","","","    // post-init","    // run browser js-env code - post-init","    /* istanbul ignore next */","    case 'browser':","        local.testRunBrowser = function (event) {","            if (!event || (event &&","                    event.currentTarget &&","                    event.currentTarget.className &&","                    event.currentTarget.className.includes &&","                    event.currentTarget.className.includes('onreset'))) {","                // reset output","                Array.from(","                    document.querySelectorAll('body > .resettable')","                ).forEach(function (element) {","                    switch (element.tagName) {","                    case 'INPUT':","                    case 'TEXTAREA':","                        element.value = '';","                        break;","                    default:","                        element.textContent = '';","                    }","                });","            }","            switch (event && event.currentTarget && event.currentTarget.id) {","            case 'testRunButton1':","                // show tests","                if (document.querySelector('#testReportDiv1').style.display === 'none') {","                    document.querySelector('#testReportDiv1').style.display = 'block';","                    document.querySelector('#testRunButton1').textContent =","                        'hide internal test';","                    local.modeTest = true;","                    local.testRunDefault(local);","                // hide tests","                } else {","                    document.querySelector('#testReportDiv1').style.display = 'none';","                    document.querySelector('#testRunButton1').textContent = 'run internal test';","                }","                break;","            // custom-case","            default:","                break;","            }","            if (document.querySelector('#inputTextareaEval1') && (!event || (event &&","                    event.currentTarget &&","                    event.currentTarget.className &&","                    event.currentTarget.className.includes &&","                    event.currentTarget.className.includes('oneval')))) {","                // try to eval input-code","                try {","                    /*jslint evil: true*/","                    eval(document.querySelector('#inputTextareaEval1').value);","                } catch (errorCaught) {","                    console.error(errorCaught);","                }","            }","        };","        // log stderr and stdout to #outputTextareaStdout1","        ['error', 'log'].forEach(function (key) {","            console[key + '_original'] = console[key];","            console[key] = function () {","                var element;","                console[key + '_original'].apply(console, arguments);","                element = document.querySelector('#outputTextareaStdout1');","                if (!element) {","                    return;","                }","                // append text to #outputTextareaStdout1","                element.value += Array.from(arguments).map(function (arg) {","                    return typeof arg === 'string'","                        ? arg","                        : JSON.stringify(arg, null, 4);","                }).join(' ') + '\\n';","                // scroll textarea to bottom","                element.scrollTop = element.scrollHeight;","            };","        });","        // init event-handling","        ['change', 'click', 'keyup'].forEach(function (event) {","            Array.from(document.querySelectorAll('.on' + event)).forEach(function (element) {","                element.addEventListener(event, local.testRunBrowser);","            });","        });","        // run tests","        local.testRunBrowser();","        break;","","","","    // run node js-env code - post-init","    /* istanbul ignore next */","    case 'node':","        // export local","        module.exports = local;","        // require modules","        local.fs = require('fs');","        local.http = require('http');","        local.url = require('url');","        // init assets","        local.assetsDict = local.assetsDict || {};","        /* jslint-ignore-begin */","        local.assetsDict['/assets.index.template.html'] = '\\","<!doctype html>\\n\\","<html lang=\"en\">\\n\\","<head>\\n\\","<meta charset=\"UTF-8\">\\n\\","<meta name=\"viewport\" content=\"width=device-width, initial-scale=1\">\\n\\","<title>{{env.npm_package_name}} (v{{env.npm_package_version}})</title>\\n\\","<style>\\n\\","/*csslint\\n\\","    box-sizing: false,\\n\\","    universal-selector: false\\n\\","*/\\n\\","* {\\n\\","    box-sizing: border-box;\\n\\","}\\n\\","body {\\n\\","    background: #dde;\\n\\","    font-family: Arial, Helvetica, sans-serif;\\n\\","    margin: 2rem;\\n\\","}\\n\\","body > * {\\n\\","    margin-bottom: 1rem;\\n\\","}\\n\\",".utility2FooterDiv {\\n\\","    margin-top: 20px;\\n\\","    text-align: center;\\n\\","}\\n\\","</style>\\n\\","<style>\\n\\","/*csslint\\n\\","*/\\n\\","textarea {\\n\\","    font-family: monospace;\\n\\","    height: 10rem;\\n\\","    width: 100%;\\n\\","}\\n\\","textarea[readonly] {\\n\\","    background: #ddd;\\n\\","}\\n\\","</style>\\n\\","</head>\\n\\","<body>\\n\\","<!-- utility2-comment\\n\\","<div id=\"ajaxProgressDiv1\" style=\"background: #d00; height: 2px; left: 0; margin: 0; padding: 0; position: fixed; top: 0; transition: background 0.5s, width 1.5s; width: 25%;\"></div>\\n\\","utility2-comment -->\\n\\","<h1>\\n\\","<!-- utility2-comment\\n\\","    <a\\n\\","        {{#if env.npm_package_homepage}}\\n\\","        href=\"{{env.npm_package_homepage}}\"\\n\\","        {{/if env.npm_package_homepage}}\\n\\","        target=\"_blank\"\\n\\","    >\\n\\","utility2-comment -->\\n\\","        {{env.npm_package_name}} (v{{env.npm_package_version}})\\n\\","<!-- utility2-comment\\n\\","    </a>\\n\\","utility2-comment -->\\n\\","</h1>\\n\\","<h3>{{env.npm_package_description}}</h3>\\n\\","<!-- utility2-comment\\n\\","<h4><a download href=\"assets.app.js\">download standalone app</a></h4>\\n\\","<button class=\"onclick onreset\" id=\"testRunButton1\">run internal test</button><br>\\n\\","<div id=\"testReportDiv1\" style=\"display: none;\"></div>\\n\\","utility2-comment -->\\n\\","\\n\\","\\n\\","\\n\\","<label>stderr and stdout</label>\\n\\","<textarea class=\"resettable\" id=\"outputTextareaStdout1\" readonly></textarea>\\n\\","<!-- utility2-comment\\n\\","{{#if isRollup}}\\n\\","<script src=\"assets.app.js\"></script>\\n\\","{{#unless isRollup}}\\n\\","utility2-comment -->\\n\\","<script src=\"assets.utility2.rollup.js\"></script>\\n\\","<script src=\"jsonp.utility2._stateInit?callback=window.utility2._stateInit\"></script>\\n\\","<script src=\"assets.npmtest_homebridge_websocket.rollup.js\"></script>\\n\\","<script src=\"assets.example.js\"></script>\\n\\","<script src=\"assets.test.js\"></script>\\n\\","<!-- utility2-comment\\n\\","{{/if isRollup}}\\n\\","utility2-comment -->\\n\\","<div class=\"utility2FooterDiv\">\\n\\","    [ this app was created with\\n\\","    <a href=\"https://github.com/kaizhu256/node-utility2\" target=\"_blank\">utility2</a>\\n\\","    ]\\n\\","</div>\\n\\","</body>\\n\\","</html>\\n\\","';","        /* jslint-ignore-end */","        if (local.templateRender) {","            local.assetsDict['/'] = local.templateRender(","                local.assetsDict['/assets.index.template.html'],","                {","                    env: local.objectSetDefault(local.env, {","                        npm_package_description: 'the greatest app in the world!',","                        npm_package_name: 'my-app',","                        npm_package_nameAlias: 'my_app',","                        npm_package_version: '0.0.1'","                    })","                }","            );","        } else {","            local.assetsDict['/'] = local.assetsDict['/assets.index.template.html']","                .replace((/\\{\\{env\\.(\\w+?)\\}\\}/g), function (match0, match1) {","                    // jslint-hack","                    String(match0);","                    switch (match1) {","                    case 'npm_package_description':","                        return 'the greatest app in the world!';","                    case 'npm_package_name':","                        return 'my-app';","                    case 'npm_package_nameAlias':","                        return 'my_app';","                    case 'npm_package_version':","                        return '0.0.1';","                    }","                });","        }","        // run the cli","        if (local.global.utility2_rollup || module !== require.main) {","            break;","        }","        local.assetsDict['/assets.example.js'] =","            local.assetsDict['/assets.example.js'] ||","            local.fs.readFileSync(__filename, 'utf8');","        // bug-workaround - long $npm_package_buildCustomOrg","        /* jslint-ignore-begin */","        local.assetsDict['/assets.npmtest_homebridge_websocket.rollup.js'] =","            local.assetsDict['/assets.npmtest_homebridge_websocket.rollup.js'] ||","            local.fs.readFileSync(","                local.npmtest_homebridge_websocket.__dirname + '/lib.npmtest_homebridge_websocket.js',","                'utf8'","            ).replace((/^#!/), '//');","        /* jslint-ignore-end */","        local.assetsDict['/favicon.ico'] = local.assetsDict['/favicon.ico'] || '';","        // if $npm_config_timeout_exit exists,","        // then exit this process after $npm_config_timeout_exit ms","        if (Number(process.env.npm_config_timeout_exit)) {","            setTimeout(process.exit, Number(process.env.npm_config_timeout_exit));","        }","        // start server","        if (local.global.utility2_serverHttp1) {","            break;","        }","        process.env.PORT = process.env.PORT || '8081';","        console.error('server starting on port ' + process.env.PORT);","        local.http.createServer(function (request, response) {","            request.urlParsed = local.url.parse(request.url);","            if (local.assetsDict[request.urlParsed.pathname] !== undefined) {","                response.end(local.assetsDict[request.urlParsed.pathname]);","                return;","            }","            response.statusCode = 404;","            response.end();","        }).listen(process.env.PORT);","        break;","    }","}());",""],"l":{"26":2,"28":2,"33":2,"35":2,"37":2,"38":2,"39":2,"44":1,"51":2,"55":2,"59":2,"61":2,"69":1,"70":2,"76":2,"79":2,"82":2,"83":2,"85":1,"89":2,"92":1,"93":1,"94":1,"96":1,"97":1,"100":1,"101":1,"103":1,"106":1,"108":2,"114":1,"116":1,"118":1,"123":1,"124":2,"125":2,"126":3,"127":3,"128":3,"129":3,"130":1,"133":3,"134":3,"139":3,"143":1,"144":3,"145":1,"149":1,"150":1,"158":1,"160":1,"161":1,"162":1,"164":1,"166":1,"258":1,"259":1,"271":1,"274":6,"275":6,"277":1,"279":2,"281":1,"283":2,"288":1,"289":1,"291":1,"296":1,"303":1,"306":1,"307":1,"310":1,"311":1,"313":1,"314":1,"315":1,"316":1,"317":1,"318":1,"319":1,"321":1,"322":1,"324":1}},"/home/travis/build/npmtest/node-npmtest-homebridge-websocket/node_modules/homebridge-websocket/index.js":{"path":"/home/travis/build/npmtest/node-npmtest-homebridge-websocket/node_modules/homebridge-websocket/index.js","s":{"1":1,"2":1,"3":1,"4":1,"5":1,"6":1,"7":1,"8":1,"9":1,"10":1,"11":0,"12":0,"13":0,"14":0,"15":0,"16":0,"17":0,"18":1,"19":0,"20":0,"21":0,"22":0,"23":0,"24":0,"25":0,"26":0,"27":0,"28":0,"29":0,"30":0,"31":0,"32":0,"33":0,"34":0,"35":0,"36":0,"37":0,"38":0,"39":0,"40":0,"41":0,"42":0,"43":1,"44":0,"45":0,"46":0,"47":0,"48":0,"49":0,"50":0,"51":0,"52":0,"53":0,"54":0,"55":0,"56":0,"57":0,"58":0,"59":0,"60":0,"61":0,"62":0,"63":0,"64":0,"65":0,"66":0,"67":1,"68":0,"69":0,"70":0,"71":0,"72":0,"73":0,"74":0,"75":0,"76":0,"77":0,"78":0,"79":0,"80":0,"81":0,"82":1,"83":0,"84":0,"85":0,"86":0,"87":0,"88":0,"89":0,"90":0,"91":0,"92":0,"93":0,"94":0,"95":1,"96":0,"97":0,"98":0,"99":0,"100":0,"101":0,"102":0,"103":0,"104":0,"105":0,"106":0,"107":0,"108":0,"109":0,"110":0,"111":1,"112":0,"113":0},"b":{"1":[0,0],"2":[0,0],"3":[0,0],"4":[0,0],"5":[0,0],"6":[0,0],"7":[0,0],"8":[0,0],"9":[0,0],"10":[0,0]},"f":{"1":0,"2":0,"3":0,"4":0,"5":0,"6":0,"7":0,"8":0,"9":0},"fnMap":{"1":{"name":"(anonymous_1)","line":15,"loc":{"start":{"line":15,"column":17},"end":{"line":15,"column":38}}},"2":{"name":"WebsocketPlatform","line":29,"loc":{"start":{"line":29,"column":0},"end":{"line":29,"column":45}}},"3":{"name":"(anonymous_3)","line":61,"loc":{"start":{"line":61,"column":37},"end":{"line":61,"column":59}}},"4":{"name":"(anonymous_4)","line":70,"loc":{"start":{"line":70,"column":38},"end":{"line":70,"column":49}}},"5":{"name":"(anonymous_5)","line":83,"loc":{"start":{"line":83,"column":43},"end":{"line":83,"column":66}}},"6":{"name":"(anonymous_6)","line":121,"loc":{"start":{"line":121,"column":49},"end":{"line":121,"column":69}}},"7":{"name":"(anonymous_7)","line":147,"loc":{"start":{"line":147,"column":46},"end":{"line":147,"column":61}}},"8":{"name":"(anonymous_8)","line":167,"loc":{"start":{"line":167,"column":45},"end":{"line":167,"column":60}}},"9":{"name":"(anonymous_9)","line":195,"loc":{"start":{"line":195,"column":42},"end":{"line":195,"column":66}}}},"statementMap":{"1":{"start":{"line":3,"column":0},"end":{"line":3,"column":27}},"2":{"start":{"line":4,"column":0},"end":{"line":4,"column":44}},"3":{"start":{"line":5,"column":0},"end":{"line":5,"column":65}},"4":{"start":{"line":6,"column":0},"end":{"line":6,"column":56}},"5":{"start":{"line":8,"column":0},"end":{"line":8,"column":48}},"6":{"start":{"line":9,"column":0},"end":{"line":9,"column":26}},"7":{"start":{"line":11,"column":0},"end":{"line":11,"column":32}},"8":{"start":{"line":12,"column":0},"end":{"line":12,"column":48}},"9":{"start":{"line":13,"column":0},"end":{"line":13,"column":16}},"10":{"start":{"line":15,"column":0},"end":{"line":27,"column":1}},"11":{"start":{"line":16,"column":2},"end":{"line":16,"column":63}},"12":{"start":{"line":18,"column":2},"end":{"line":18,"column":43}},"13":{"start":{"line":20,"column":2},"end":{"line":20,"column":35}},"14":{"start":{"line":21,"column":2},"end":{"line":21,"column":49}},"15":{"start":{"line":22,"column":2},"end":{"line":22,"column":32}},"16":{"start":{"line":24,"column":2},"end":{"line":24,"column":46}},"17":{"start":{"line":26,"column":2},"end":{"line":26,"column":83}},"18":{"start":{"line":29,"column":0},"end":{"line":81,"column":1}},"19":{"start":{"line":31,"column":2},"end":{"line":31,"column":17}},"20":{"start":{"line":32,"column":2},"end":{"line":32,"column":24}},"21":{"start":{"line":33,"column":2},"end":{"line":33,"column":28}},"22":{"start":{"line":35,"column":2},"end":{"line":35,"column":50}},"23":{"start":{"line":36,"column":2},"end":{"line":36,"column":56}},"24":{"start":{"line":38,"column":2},"end":{"line":44,"column":3}},"25":{"start":{"line":39,"column":4},"end":{"line":39,"column":46}},"26":{"start":{"line":41,"column":4},"end":{"line":41,"column":48}},"27":{"start":{"line":42,"column":4},"end":{"line":42,"column":46}},"28":{"start":{"line":43,"column":4},"end":{"line":43,"column":20}},"29":{"start":{"line":46,"column":2},"end":{"line":46,"column":49}},"30":{"start":{"line":47,"column":2},"end":{"line":47,"column":50}},"31":{"start":{"line":49,"column":2},"end":{"line":58,"column":3}},"32":{"start":{"line":59,"column":2},"end":{"line":59,"column":41}},"33":{"start":{"line":61,"column":2},"end":{"line":65,"column":16}},"34":{"start":{"line":62,"column":4},"end":{"line":64,"column":5}},"35":{"start":{"line":63,"column":6},"end":{"line":63,"column":60}},"36":{"start":{"line":67,"column":2},"end":{"line":80,"column":3}},"37":{"start":{"line":68,"column":4},"end":{"line":68,"column":19}},"38":{"start":{"line":70,"column":4},"end":{"line":78,"column":18}},"39":{"start":{"line":71,"column":6},"end":{"line":71,"column":46}},"40":{"start":{"line":73,"column":5},"end":{"line":73,"column":34}},"41":{"start":{"line":75,"column":6},"end":{"line":75,"column":76}},"42":{"start":{"line":76,"column":6},"end":{"line":76,"column":82}},"43":{"start":{"line":83,"column":0},"end":{"line":119,"column":1}},"44":{"start":{"line":85,"column":2},"end":{"line":85,"column":31}},"45":{"start":{"line":86,"column":2},"end":{"line":86,"column":19}},"46":{"start":{"line":87,"column":2},"end":{"line":87,"column":14}},"47":{"start":{"line":89,"column":2},"end":{"line":116,"column":3}},"48":{"start":{"line":90,"column":4},"end":{"line":90,"column":38}},"49":{"start":{"line":92,"column":4},"end":{"line":92,"column":49}},"50":{"start":{"line":93,"column":4},"end":{"line":93,"column":34}},"51":{"start":{"line":94,"column":4},"end":{"line":94,"column":61}},"52":{"start":{"line":98,"column":4},"end":{"line":98,"column":77}},"53":{"start":{"line":99,"column":4},"end":{"line":99,"column":51}},"54":{"start":{"line":100,"column":4},"end":{"line":112,"column":5}},"55":{"start":{"line":101,"column":6},"end":{"line":101,"column":51}},"56":{"start":{"line":103,"column":6},"end":{"line":103,"column":43}},"57":{"start":{"line":104,"column":6},"end":{"line":104,"column":48}},"58":{"start":{"line":105,"column":6},"end":{"line":105,"column":87}},"59":{"start":{"line":107,"column":6},"end":{"line":107,"column":17}},"60":{"start":{"line":108,"column":6},"end":{"line":108,"column":54}},"61":{"start":{"line":110,"column":6},"end":{"line":110,"column":18}},"62":{"start":{"line":111,"column":6},"end":{"line":111,"column":68}},"63":{"start":{"line":114,"column":4},"end":{"line":114,"column":16}},"64":{"start":{"line":115,"column":4},"end":{"line":115,"column":53}},"65":{"start":{"line":117,"column":2},"end":{"line":117,"column":39}},"66":{"start":{"line":118,"column":2},"end":{"line":118,"column":39}},"67":{"start":{"line":121,"column":0},"end":{"line":145,"column":1}},"68":{"start":{"line":125,"column":2},"end":{"line":125,"column":22}},"69":{"start":{"line":126,"column":2},"end":{"line":126,"column":35}},"70":{"start":{"line":127,"column":2},"end":{"line":127,"column":28}},"71":{"start":{"line":129,"column":2},"end":{"line":129,"column":24}},"72":{"start":{"line":130,"column":2},"end":{"line":130,"column":27}},"73":{"start":{"line":131,"column":2},"end":{"line":131,"column":56}},"74":{"start":{"line":133,"column":2},"end":{"line":136,"column":3}},"75":{"start":{"line":134,"column":4},"end":{"line":134,"column":78}},"76":{"start":{"line":135,"column":4},"end":{"line":135,"column":20}},"77":{"start":{"line":138,"column":2},"end":{"line":138,"column":29}},"78":{"start":{"line":140,"column":2},"end":{"line":140,"column":75}},"79":{"start":{"line":141,"column":2},"end":{"line":141,"column":44}},"80":{"start":{"line":143,"column":2},"end":{"line":143,"column":39}},"81":{"start":{"line":144,"column":2},"end":{"line":144,"column":41}},"82":{"start":{"line":147,"column":0},"end":{"line":165,"column":1}},"83":{"start":{"line":149,"column":2},"end":{"line":149,"column":19}},"84":{"start":{"line":151,"column":2},"end":{"line":162,"column":3}},"85":{"start":{"line":152,"column":4},"end":{"line":152,"column":49}},"86":{"start":{"line":154,"column":4},"end":{"line":154,"column":101}},"87":{"start":{"line":155,"column":4},"end":{"line":155,"column":34}},"88":{"start":{"line":156,"column":4},"end":{"line":156,"column":38}},"89":{"start":{"line":157,"column":4},"end":{"line":157,"column":15}},"90":{"start":{"line":158,"column":4},"end":{"line":158,"column":53}},"91":{"start":{"line":160,"column":4},"end":{"line":160,"column":16}},"92":{"start":{"line":161,"column":4},"end":{"line":161,"column":52}},"93":{"start":{"line":163,"column":2},"end":{"line":163,"column":42}},"94":{"start":{"line":164,"column":2},"end":{"line":164,"column":39}},"95":{"start":{"line":167,"column":0},"end":{"line":193,"column":1}},"96":{"start":{"line":169,"column":2},"end":{"line":169,"column":23}},"97":{"start":{"line":170,"column":2},"end":{"line":170,"column":15}},"98":{"start":{"line":171,"column":2},"end":{"line":171,"column":31}},"99":{"start":{"line":173,"column":2},"end":{"line":189,"column":3}},"100":{"start":{"line":175,"column":6},"end":{"line":181,"column":7}},"101":{"start":{"line":177,"column":8},"end":{"line":177,"column":51}},"102":{"start":{"line":178,"column":8},"end":{"line":178,"column":55}},"103":{"start":{"line":179,"column":8},"end":{"line":179,"column":71}},"104":{"start":{"line":180,"column":8},"end":{"line":180,"column":29}},"105":{"start":{"line":182,"column":4},"end":{"line":182,"column":10}},"106":{"start":{"line":185,"column":6},"end":{"line":185,"column":52}},"107":{"start":{"line":186,"column":6},"end":{"line":186,"column":56}},"108":{"start":{"line":187,"column":6},"end":{"line":187,"column":69}},"109":{"start":{"line":188,"column":6},"end":{"line":188,"column":30}},"110":{"start":{"line":192,"column":2},"end":{"line":192,"column":46}},"111":{"start":{"line":195,"column":0},"end":{"line":206,"column":1}},"112":{"start":{"line":197,"column":2},"end":{"line":203,"column":3}},"113":{"start":{"line":205,"column":2},"end":{"line":205,"column":16}}},"branchMap":{"1":{"line":38,"type":"if","locations":[{"start":{"line":38,"column":2},"end":{"line":38,"column":2}},{"start":{"line":38,"column":2},"end":{"line":38,"column":2}}]},"2":{"line":38,"type":"binary-expr","locations":[{"start":{"line":38,"column":6},"end":{"line":38,"column":36}},{"start":{"line":38,"column":40},"end":{"line":38,"column":55}}]},"3":{"line":39,"type":"binary-expr","locations":[{"start":{"line":39,"column":16},"end":{"line":39,"column":27}},{"start":{"line":39,"column":31},"end":{"line":39,"column":45}}]},"4":{"line":62,"type":"if","locations":[{"start":{"line":62,"column":4},"end":{"line":62,"column":4}},{"start":{"line":62,"column":4},"end":{"line":62,"column":4}}]},"5":{"line":67,"type":"if","locations":[{"start":{"line":67,"column":2},"end":{"line":67,"column":2}},{"start":{"line":67,"column":2},"end":{"line":67,"column":2}}]},"6":{"line":89,"type":"if","locations":[{"start":{"line":89,"column":2},"end":{"line":89,"column":2}},{"start":{"line":89,"column":2},"end":{"line":89,"column":2}}]},"7":{"line":100,"type":"if","locations":[{"start":{"line":100,"column":4},"end":{"line":100,"column":4}},{"start":{"line":100,"column":4},"end":{"line":100,"column":4}}]},"8":{"line":133,"type":"if","locations":[{"start":{"line":133,"column":2},"end":{"line":133,"column":2}},{"start":{"line":133,"column":2},"end":{"line":133,"column":2}}]},"9":{"line":151,"type":"if","locations":[{"start":{"line":151,"column":2},"end":{"line":151,"column":2}},{"start":{"line":151,"column":2},"end":{"line":151,"column":2}}]},"10":{"line":173,"type":"switch","locations":[{"start":{"line":174,"column":4},"end":{"line":182,"column":10}},{"start":{"line":184,"column":4},"end":{"line":188,"column":30}}]}},"code":["'use strict';","","var util = require('util');","var Utils = require('./lib/utils.js').Utils;","var WebsocketAccessory = require('./lib/accessory.js').Accessory;","var Websocket = require('./lib/websocket.js').Websocket;","","var Accessory, Service, Characteristic, UUIDGen;","var cachedAccessories = 0;","","var platform_name = \"websocket\";","var plugin_name = \"homebridge-\" + platform_name;","var storagePath;","","module.exports = function(homebridge) {","  console.log(\"homebridge API version: \" + homebridge.version);","  ","  Accessory = homebridge.platformAccessory;","  ","  Service = homebridge.hap.Service;","  Characteristic = homebridge.hap.Characteristic;","  UUIDGen = homebridge.hap.uuid; // Universally Unique IDentifier","  ","  storagePath = homebridge.user.storagePath();","  ","  homebridge.registerPlatform(plugin_name, platform_name, WebsocketPlatform, true);","}","","function WebsocketPlatform(log, config, api) {","","  this.log = log;","  this.accessories = {};","  this.hap_accessories = {};","  ","  this.log.debug(\"storagePath = %s\", storagePath);","  this.log.debug(\"config = %s\", JSON.stringify(config));","  ","  if (typeof(config) !== \"undefined\" && config !== null) {","    this.port = config.port || {\"port\": 4050};","  } else {","    this.log.error(\"config undefined or null!\");","    this.log(\"storagePath = %s\", storagePath);","    process.exit(1);","  }","     ","  var plugin_version = Utils.readPluginVersion();","  this.log(\"%s v%s\", plugin_name, plugin_version);","  ","  var params = {","    \"log\": this.log,","    \"plugin_name\": plugin_name,","    \"port\": this.port,","    \"accessories\": this.accessories,","    \"Characteristic\": Characteristic,","    \"addAccessory\": this.addAccessory.bind(this),","    \"removeAccessory\": this.removeAccessory.bind(this),","    \"getAccessories\": this.getAccessories.bind(this)","  }","  this.Websocket = new Websocket(params);","","  Utils.read_npmVersion(plugin_name, function(npm_version) {","    if (npm_version > plugin_version) {","      this.log(\"A new version %s is avaiable\", npm_version);","    }","  }.bind(this));","","  if (api) {","    this.api = api;","","    this.api.on('didFinishLaunching', function() {","      this.log(\"Plugin - DidFinishLaunching\");","     ","     this.Websocket.startServer();","             ","      this.log.debug(\"Number of chaced Accessories: %s\", cachedAccessories);","      this.log(\"Number of Accessories: %s\", Object.keys(this.accessories).length);","","    }.bind(this));","    //this.log.debug(\"WebsocketPlatform %s\", JSON.stringify(this.accessories));","  }","}","","WebsocketPlatform.prototype.addAccessory = function(accessoryDef) {","","  var name = accessoryDef.name;","  var ack, message;","  var isValid;","  ","  if (!this.accessories[name]) {","    var uuid = UUIDGen.generate(name);","    ","    var newAccessory = new Accessory(name, uuid);","    newAccessory.reachable = true;","    newAccessory.context.service_name = accessoryDef.service;","    ","    //this.log.debug(\"addAccessory UUID = %s\", newAccessory.UUID);","    ","    var i_accessory = new WebsocketAccessory(this.buildParams(accessoryDef));","    isValid = i_accessory.addService(newAccessory);","    if (isValid) {","      i_accessory.configureAccessory(newAccessory);","      ","      this.accessories[name] = i_accessory;","      this.hap_accessories[name] = newAccessory;","      this.api.registerPlatformAccessories(plugin_name, platform_name, [newAccessory]);","      ","      ack = true;","      message =  \"accessory '\" + name + \"' is added.\";","    } else {","      ack = false;","      message = \"service '\" + accessoryDef.service + \"' undefined.\";","    }","  } else {","    ack = false;","    message = \"name '\" + name + \"' is already used.\";","  }","  this.log(\"addAccessory %s\", message);","  this.Websocket.sendAck(ack, message);","}","","WebsocketPlatform.prototype.configureAccessory = function(accessory) {","","  //this.log.debug(\"configureAccessory %s\", JSON.stringify(accessory.services, null, 2));","  ","  cachedAccessories++;","  var name = accessory.displayName;","  var uuid = accessory.UUID;","    ","  var accessoryDef = {};","  accessoryDef.name = name;","  accessoryDef.service = accessory.context.service_name;","  ","  if (this.accessories[name]) {","    this.log.error(\"configureAccessory %s UUID %s already used.\", name, uuid);","    process.exit(1);","  }","  ","  accessory.reachable = true;","    ","  var i_accessory = new WebsocketAccessory(this.buildParams(accessoryDef));","  i_accessory.configureAccessory(accessory);","  ","  this.accessories[name] = i_accessory;","  this.hap_accessories[name] = accessory;","}","","WebsocketPlatform.prototype.removeAccessory = function(name) {","","  var ack, message;","  ","  if (typeof(this.accessories[name]) !== \"undefined\") {","    this.log.debug(\"removeAccessory '%s'\", name);","    ","    this.api.unregisterPlatformAccessories(plugin_name, platform_name, [this.hap_accessories[name]]);","    delete this.accessories[name];","    delete this.hap_accessories[name];","    ack = true;","    message = \"accessory '\" + name + \"' is removed.\";","  } else {","    ack = false;","    message = \"accessory '\" + name + \"' not found.\";","  }","  this.log(\"removeAccessory %s\", message);","  this.Websocket.sendAck(ack, message);","}","","WebsocketPlatform.prototype.getAccessories = function(name) {","","  var accessories = {};","  var def = {};","  var service, characteristics;","  ","  switch (name) {","    case \"all\":","      for (var k in this.accessories) {","        //this.log(\"getAccessories %s\", JSON.stringify(this.accessories[k], null, 2));","        service = this.accessories[k].service_name;","        characteristics =  this.accessories[k].i_value;","        def = {\"service\": service, \"characteristics\": characteristics};","        accessories[k] = def;","      }","    break;","    ","    default:","      service = this.accessories[name].service_name;","      characteristics =  this.accessories[name].i_value;","      def = {\"service\": service, \"characteristics\": characteristics};","      accessories[name] = def;","  }","","  //this.log(\"getAccessory %s\", JSON.stringify(accessories, null, 2));","  this.Websocket.sendAccessories(accessories);","}","","WebsocketPlatform.prototype.buildParams = function (accessoryDef) {","","  var params = {","    \"accessoryDef\": accessoryDef,","    \"log\": this.log,","    \"Service\": Service,","    \"Characteristic\": Characteristic,","    \"Websocket\": this.Websocket","  }","  //this.log.debug(\"configureAccessories %s\", JSON.stringify(params.accessory_config));","  return params;","}","",""],"l":{"3":1,"4":1,"5":1,"6":1,"8":1,"9":1,"11":1,"12":1,"13":1,"15":1,"16":0,"18":0,"20":0,"21":0,"22":0,"24":0,"26":0,"29":1,"31":0,"32":0,"33":0,"35":0,"36":0,"38":0,"39":0,"41":0,"42":0,"43":0,"46":0,"47":0,"49":0,"59":0,"61":0,"62":0,"63":0,"67":0,"68":0,"70":0,"71":0,"73":0,"75":0,"76":0,"83":1,"85":0,"86":0,"87":0,"89":0,"90":0,"92":0,"93":0,"94":0,"98":0,"99":0,"100":0,"101":0,"103":0,"104":0,"105":0,"107":0,"108":0,"110":0,"111":0,"114":0,"115":0,"117":0,"118":0,"121":1,"125":0,"126":0,"127":0,"129":0,"130":0,"131":0,"133":0,"134":0,"135":0,"138":0,"140":0,"141":0,"143":0,"144":0,"147":1,"149":0,"151":0,"152":0,"154":0,"155":0,"156":0,"157":0,"158":0,"160":0,"161":0,"163":0,"164":0,"167":1,"169":0,"170":0,"171":0,"173":0,"175":0,"177":0,"178":0,"179":0,"180":0,"182":0,"185":0,"186":0,"187":0,"188":0,"192":0,"195":1,"197":0,"205":0}},"/home/travis/build/npmtest/node-npmtest-homebridge-websocket/node_modules/homebridge-websocket/lib/utils.js":{"path":"/home/travis/build/npmtest/node-npmtest-homebridge-websocket/node_modules/homebridge-websocket/lib/utils.js","s":{"1":1,"2":1,"3":1,"4":1,"5":1,"6":1,"7":1,"8":1,"9":1,"10":1,"11":1,"12":0,"13":0,"14":0,"15":0,"16":0,"17":0,"18":0,"19":0,"20":0,"21":0,"22":0,"23":0,"24":0,"25":1,"26":0,"27":0,"28":0,"29":0,"30":0,"31":0,"32":1,"33":0,"34":1,"35":0,"36":0,"37":0,"38":1,"39":0,"40":1,"41":0,"42":0,"43":1,"44":0,"45":0,"46":0,"47":0,"48":1,"49":0,"50":0,"51":0,"52":0,"53":0,"54":1,"55":0,"56":0,"57":0,"58":0,"59":0,"60":0,"61":0,"62":0,"63":0,"64":0,"65":1,"66":0,"67":0,"68":0,"69":0,"70":0,"71":0,"72":0,"73":0,"74":0,"75":0,"76":0,"77":0,"78":0,"79":0,"80":0,"81":0,"82":0,"83":0,"84":0,"85":0,"86":0,"87":0,"88":0,"89":0,"90":0,"91":0,"92":0,"93":0,"94":0,"95":0,"96":0,"97":0,"98":0,"99":0,"100":0,"101":0,"102":0,"103":0,"104":0,"105":1,"106":0,"107":0,"108":0,"109":0,"110":0,"111":0,"112":0,"113":0,"114":0,"115":0,"116":0,"117":0,"118":0,"119":0,"120":0,"121":0},"b":{"1":[0,0],"2":[0,0],"3":[0,0],"4":[0,0],"5":[0,0],"6":[0,0],"7":[0,0],"8":[0,0],"9":[0,0,0,0,0,0],"10":[0,0],"11":[0,0],"12":[0,0,0],"13":[0,0]},"f":{"1":0,"2":0,"3":0,"4":0,"5":0,"6":0,"7":0,"8":0,"9":0,"10":0,"11":0,"12":0,"13":0,"14":0,"15":0},"fnMap":{"1":{"name":"Utils","line":17,"loc":{"start":{"line":17,"column":0},"end":{"line":17,"column":17}}},"2":{"name":"(anonymous_2)","line":20,"loc":{"start":{"line":20,"column":19},"end":{"line":20,"column":68}}},"3":{"name":"(anonymous_3)","line":46,"loc":{"start":{"line":46,"column":19},"end":{"line":46,"column":74}}},"4":{"name":"(anonymous_4)","line":61,"loc":{"start":{"line":61,"column":25},"end":{"line":61,"column":36}}},"5":{"name":"(anonymous_5)","line":65,"loc":{"start":{"line":65,"column":23},"end":{"line":65,"column":37}}},"6":{"name":"(anonymous_6)","line":67,"loc":{"start":{"line":67,"column":28},"end":{"line":67,"column":46}}},"7":{"name":"(anonymous_7)","line":73,"loc":{"start":{"line":73,"column":12},"end":{"line":73,"column":30}}},"8":{"name":"(anonymous_8)","line":77,"loc":{"start":{"line":77,"column":25},"end":{"line":77,"column":51}}},"9":{"name":"(anonymous_9)","line":82,"loc":{"start":{"line":82,"column":26},"end":{"line":82,"column":37}}},"10":{"name":"(anonymous_10)","line":90,"loc":{"start":{"line":90,"column":24},"end":{"line":90,"column":48}}},"11":{"name":"(anonymous_11)","line":93,"loc":{"start":{"line":93,"column":12},"end":{"line":93,"column":44}}},"12":{"name":"(anonymous_12)","line":101,"loc":{"start":{"line":101,"column":26},"end":{"line":101,"column":46}}},"13":{"name":"(anonymous_13)","line":103,"loc":{"start":{"line":103,"column":26},"end":{"line":103,"column":56}}},"14":{"name":"(anonymous_14)","line":133,"loc":{"start":{"line":133,"column":16},"end":{"line":133,"column":35}}},"15":{"name":"(anonymous_15)","line":176,"loc":{"start":{"line":176,"column":16},"end":{"line":176,"column":34}}}},"statementMap":{"1":{"start":{"line":3,"column":0},"end":{"line":3,"column":27}},"2":{"start":{"line":4,"column":0},"end":{"line":4,"column":23}},"3":{"start":{"line":5,"column":0},"end":{"line":5,"column":33}},"4":{"start":{"line":7,"column":0},"end":{"line":7,"column":29}},"5":{"start":{"line":8,"column":0},"end":{"line":8,"column":37}},"6":{"start":{"line":9,"column":0},"end":{"line":9,"column":19}},"7":{"start":{"line":10,"column":0},"end":{"line":10,"column":19}},"8":{"start":{"line":11,"column":0},"end":{"line":11,"column":16}},"9":{"start":{"line":13,"column":0},"end":{"line":15,"column":1}},"10":{"start":{"line":17,"column":0},"end":{"line":18,"column":1}},"11":{"start":{"line":20,"column":0},"end":{"line":44,"column":1}},"12":{"start":{"line":22,"column":2},"end":{"line":22,"column":79}},"13":{"start":{"line":23,"column":2},"end":{"line":23,"column":64}},"14":{"start":{"line":26,"column":2},"end":{"line":29,"column":3}},"15":{"start":{"line":27,"column":6},"end":{"line":27,"column":86}},"16":{"start":{"line":28,"column":6},"end":{"line":28,"column":22}},"17":{"start":{"line":32,"column":2},"end":{"line":32,"column":13}},"18":{"start":{"line":33,"column":2},"end":{"line":42,"column":3}},"19":{"start":{"line":35,"column":4},"end":{"line":35,"column":54}},"20":{"start":{"line":38,"column":4},"end":{"line":38,"column":74}},"21":{"start":{"line":39,"column":4},"end":{"line":39,"column":105}},"22":{"start":{"line":40,"column":4},"end":{"line":40,"column":20}},"23":{"start":{"line":41,"column":4},"end":{"line":41,"column":14}},"24":{"start":{"line":43,"column":2},"end":{"line":43,"column":16}},"25":{"start":{"line":46,"column":0},"end":{"line":59,"column":1}},"26":{"start":{"line":48,"column":2},"end":{"line":48,"column":79}},"27":{"start":{"line":49,"column":2},"end":{"line":49,"column":64}},"28":{"start":{"line":51,"column":2},"end":{"line":58,"column":3}},"29":{"start":{"line":53,"column":4},"end":{"line":53,"column":65}},"30":{"start":{"line":56,"column":4},"end":{"line":56,"column":74}},"31":{"start":{"line":57,"column":4},"end":{"line":57,"column":14}},"32":{"start":{"line":61,"column":0},"end":{"line":63,"column":1}},"33":{"start":{"line":62,"column":2},"end":{"line":62,"column":24}},"34":{"start":{"line":65,"column":0},"end":{"line":71,"column":1}},"35":{"start":{"line":67,"column":2},"end":{"line":69,"column":5}},"36":{"start":{"line":68,"column":4},"end":{"line":68,"column":26}},"37":{"start":{"line":70,"column":2},"end":{"line":70,"column":21}},"38":{"start":{"line":73,"column":0},"end":{"line":75,"column":1}},"39":{"start":{"line":74,"column":2},"end":{"line":74,"column":57}},"40":{"start":{"line":77,"column":0},"end":{"line":80,"column":1}},"41":{"start":{"line":78,"column":2},"end":{"line":78,"column":43}},"42":{"start":{"line":79,"column":2},"end":{"line":79,"column":24}},"43":{"start":{"line":82,"column":0},"end":{"line":88,"column":1}},"44":{"start":{"line":84,"column":2},"end":{"line":84,"column":59}},"45":{"start":{"line":85,"column":2},"end":{"line":85,"column":65}},"46":{"start":{"line":86,"column":2},"end":{"line":86,"column":39}},"47":{"start":{"line":87,"column":2},"end":{"line":87,"column":24}},"48":{"start":{"line":90,"column":0},"end":{"line":99,"column":1}},"49":{"start":{"line":91,"column":2},"end":{"line":91,"column":43}},"50":{"start":{"line":92,"column":2},"end":{"line":92,"column":39}},"51":{"start":{"line":93,"column":2},"end":{"line":98,"column":4}},"52":{"start":{"line":94,"column":4},"end":{"line":94,"column":32}},"53":{"start":{"line":96,"column":4},"end":{"line":96,"column":26}},"54":{"start":{"line":101,"column":0},"end":{"line":119,"column":1}},"55":{"start":{"line":103,"column":2},"end":{"line":118,"column":5}},"56":{"start":{"line":105,"column":4},"end":{"line":117,"column":5}},"57":{"start":{"line":106,"column":6},"end":{"line":106,"column":37}},"58":{"start":{"line":108,"column":6},"end":{"line":108,"column":49}},"59":{"start":{"line":109,"column":6},"end":{"line":109,"column":43}},"60":{"start":{"line":110,"column":6},"end":{"line":112,"column":7}},"61":{"start":{"line":111,"column":8},"end":{"line":111,"column":76}},"62":{"start":{"line":115,"column":6},"end":{"line":115,"column":23}},"63":{"start":{"line":116,"column":6},"end":{"line":116,"column":107}},"64":{"start":{"line":116,"column":20},"end":{"line":116,"column":107}},"65":{"start":{"line":133,"column":0},"end":{"line":162,"column":1}},"66":{"start":{"line":136,"column":2},"end":{"line":136,"column":14}},"67":{"start":{"line":138,"column":2},"end":{"line":156,"column":3}},"68":{"start":{"line":139,"column":4},"end":{"line":139,"column":10}},"69":{"start":{"line":139,"column":11},"end":{"line":139,"column":17}},"70":{"start":{"line":139,"column":18},"end":{"line":139,"column":24}},"71":{"start":{"line":142,"column":4},"end":{"line":142,"column":30}},"72":{"start":{"line":143,"column":4},"end":{"line":143,"column":22}},"73":{"start":{"line":144,"column":4},"end":{"line":144,"column":24}},"74":{"start":{"line":145,"column":4},"end":{"line":145,"column":28}},"75":{"start":{"line":146,"column":4},"end":{"line":146,"column":34}},"76":{"start":{"line":148,"column":4},"end":{"line":155,"column":5}},"77":{"start":{"line":149,"column":14},"end":{"line":149,"column":20}},"78":{"start":{"line":149,"column":21},"end":{"line":149,"column":27}},"79":{"start":{"line":149,"column":28},"end":{"line":149,"column":34}},"80":{"start":{"line":149,"column":35},"end":{"line":149,"column":41}},"81":{"start":{"line":150,"column":14},"end":{"line":150,"column":20}},"82":{"start":{"line":150,"column":21},"end":{"line":150,"column":27}},"83":{"start":{"line":150,"column":28},"end":{"line":150,"column":34}},"84":{"start":{"line":150,"column":35},"end":{"line":150,"column":41}},"85":{"start":{"line":151,"column":14},"end":{"line":151,"column":20}},"86":{"start":{"line":151,"column":21},"end":{"line":151,"column":27}},"87":{"start":{"line":151,"column":28},"end":{"line":151,"column":34}},"88":{"start":{"line":151,"column":35},"end":{"line":151,"column":41}},"89":{"start":{"line":152,"column":14},"end":{"line":152,"column":20}},"90":{"start":{"line":152,"column":21},"end":{"line":152,"column":27}},"91":{"start":{"line":152,"column":28},"end":{"line":152,"column":34}},"92":{"start":{"line":152,"column":35},"end":{"line":152,"column":41}},"93":{"start":{"line":153,"column":14},"end":{"line":153,"column":20}},"94":{"start":{"line":153,"column":21},"end":{"line":153,"column":27}},"95":{"start":{"line":153,"column":28},"end":{"line":153,"column":34}},"96":{"start":{"line":153,"column":35},"end":{"line":153,"column":41}},"97":{"start":{"line":154,"column":14},"end":{"line":154,"column":20}},"98":{"start":{"line":154,"column":21},"end":{"line":154,"column":27}},"99":{"start":{"line":154,"column":28},"end":{"line":154,"column":34}},"100":{"start":{"line":154,"column":35},"end":{"line":154,"column":41}},"101":{"start":{"line":157,"column":2},"end":{"line":157,"column":24}},"102":{"start":{"line":158,"column":2},"end":{"line":158,"column":24}},"103":{"start":{"line":159,"column":2},"end":{"line":159,"column":24}},"104":{"start":{"line":161,"column":2},"end":{"line":161,"column":93}},"105":{"start":{"line":176,"column":0},"end":{"line":197,"column":1}},"106":{"start":{"line":178,"column":2},"end":{"line":178,"column":34}},"107":{"start":{"line":179,"column":2},"end":{"line":179,"column":55}},"108":{"start":{"line":180,
[...]
:8},"end":{"line":132,"column":37}},"70":{"start":{"line":134,"column":6},"end":{"line":134,"column":12}},"71":{"start":{"line":137,"column":6},"end":{"line":137,"column":52}},"72":{"start":{"line":138,"column":6},"end":{"line":138,"column":51}},"73":{"start":{"line":139,"column":6},"end":{"line":139,"column":35}},"74":{"start":{"line":143,"column":0},"end":{"line":173,"column":1}},"75":{"start":{"line":145,"column":2},"end":{"line":145,"column":28}},"76":{"start":{"line":146,"column":2},"end":{"line":146,"column":35}},"77":{"start":{"line":147,"column":2},"end":{"line":147,"column":30}},"78":{"start":{"line":149,"column":2},"end":{"line":149,"column":22}},"79":{"start":{"line":150,"column":2},"end":{"line":150,"column":19}},"80":{"start":{"line":152,"column":2},"end":{"line":170,"column":3}},"81":{"start":{"line":153,"column":4},"end":{"line":153,"column":47}},"82":{"start":{"line":154,"column":9},"end":{"line":170,"column":3}},"83":{"start":{"line":155,"column":6},"end":{"line":155,"column":56}},"84":{"start":{"line":156,"column":9},"end":{"line":170,"column":3}},"85":{"start":{"line":157,"column":6},"end":{"line":157,"column":55}},"86":{"start":{"line":158,"column":9},"end":{"line":170,"column":3}},"87":{"start":{"line":159,"column":4},"end":{"line":159,"column":65}},"88":{"start":{"line":161,"column":4},"end":{"line":161,"column":20}},"89":{"start":{"line":162,"column":4},"end":{"line":162,"column":52}},"90":{"start":{"line":163,"column":4},"end":{"line":163,"column":29}},"91":{"start":{"line":164,"column":4},"end":{"line":164,"column":25}},"92":{"start":{"line":165,"column":4},"end":{"line":169,"column":5}},"93":{"start":{"line":166,"column":6},"end":{"line":166,"column":54}},"94":{"start":{"line":168,"column":6},"end":{"line":168,"column":48}},"95":{"start":{"line":172,"column":2},"end":{"line":172,"column":60}},"96":{"start":{"line":175,"column":0},"end":{"line":186,"column":1}},"97":{"start":{"line":180,"column":2},"end":{"line":185,"column":3}},"98":{"start":{"line":181,"column":4},"end":{"line":181,"column":80}},"99":{"start":{"line":182,"column":4},"end":{"line":182,"column":24}},"100":{"start":{"line":184,"column":4},"end":{"line":184,"column":47}},"101":{"start":{"line":188,"column":0},"end":{"line":225,"column":1}},"102":{"start":{"line":190,"column":2},"end":{"line":224,"column":3}},"103":{"start":{"line":192,"column":4},"end":{"line":194,"column":5}},"104":{"start":{"line":193,"column":6},"end":{"line":193,"column":60}},"105":{"start":{"line":196,"column":4},"end":{"line":196,"column":96}},"106":{"start":{"line":198,"column":4},"end":{"line":219,"column":5}},"107":{"start":{"line":205,"column":8},"end":{"line":207,"column":9}},"108":{"start":{"line":206,"column":10},"end":{"line":206,"column":36}},"109":{"start":{"line":208,"column":8},"end":{"line":211,"column":27}},"110":{"start":{"line":209,"column":10},"end":{"line":209,"column":57}},"111":{"start":{"line":210,"column":10},"end":{"line":210,"column":30}},"112":{"start":{"line":212,"column":8},"end":{"line":212,"column":24}},"113":{"start":{"line":213,"column":8},"end":{"line":213,"column":18}},"114":{"start":{"line":214,"column":8},"end":{"line":214,"column":14}},"115":{"start":{"line":217,"column":8},"end":{"line":217,"column":55}},"116":{"start":{"line":218,"column":8},"end":{"line":218,"column":28}},"117":{"start":{"line":220,"column":4},"end":{"line":220,"column":15}},"118":{"start":{"line":222,"column":4},"end":{"line":222,"column":47}},"119":{"start":{"line":223,"column":4},"end":{"line":223,"column":29}},"120":{"start":{"line":227,"column":0},"end":{"line":235,"column":1}},"121":{"start":{"line":229,"column":2},"end":{"line":234,"column":3}},"122":{"start":{"line":230,"column":4},"end":{"line":230,"column":64}},"123":{"start":{"line":231,"column":4},"end":{"line":231,"column":24}},"124":{"start":{"line":233,"column":4},"end":{"line":233,"column":51}},"125":{"start":{"line":237,"column":0},"end":{"line":245,"column":1}},"126":{"start":{"line":239,"column":2},"end":{"line":244,"column":3}},"127":{"start":{"line":240,"column":4},"end":{"line":240,"column":81}},"128":{"start":{"line":241,"column":4},"end":{"line":241,"column":24}},"129":{"start":{"line":243,"column":4},"end":{"line":243,"column":51}},"130":{"start":{"line":247,"column":0},"end":{"line":258,"column":1}},"131":{"start":{"line":249,"column":2},"end":{"line":257,"column":3}},"132":{"start":{"line":250,"column":4},"end":{"line":250,"column":38}},"133":{"start":{"line":252,"column":4},"end":{"line":252,"column":56}},"134":{"start":{"line":254,"column":4},"end":{"line":256,"column":18}},"135":{"start":{"line":255,"column":6},"end":{"line":255,"column":48}},"136":{"start":{"line":255,"column":17},"end":{"line":255,"column":48}}},"branchMap":{"1":{"line":76,"type":"switch","locations":[{"start":{"line":77,"column":4},"end":{"line":77,"column":15}},{"start":{"line":78,"column":4},"end":{"line":81,"column":12}},{"start":{"line":83,"column":4},"end":{"line":83,"column":18}},{"start":{"line":84,"column":4},"end":{"line":86,"column":12}},{"start":{"line":88,"column":4},"end":{"line":88,"column":15}},{"start":{"line":89,"column":4},"end":{"line":100,"column":12}},{"start":{"line":102,"column":4},"end":{"line":113,"column":12}},{"start":{"line":115,"column":4},"end":{"line":115,"column":26}},{"start":{"line":116,"column":4},"end":{"line":116,"column":24}},{"start":{"line":117,"column":4},"end":{"line":134,"column":12}},{"start":{"line":136,"column":4},"end":{"line":139,"column":35}}]},"2":{"line":94,"type":"if","locations":[{"start":{"line":94,"column":6},"end":{"line":94,"column":6}},{"start":{"line":94,"column":6},"end":{"line":94,"column":6}}]},"3":{"line":107,"type":"if","locations":[{"start":{"line":107,"column":8},"end":{"line":107,"column":8}},{"start":{"line":107,"column":8},"end":{"line":107,"column":8}}]},"4":{"line":121,"type":"if","locations":[{"start":{"line":121,"column":6},"end":{"line":121,"column":6}},{"start":{"line":121,"column":6},"end":{"line":121,"column":6}}]},"5":{"line":127,"type":"if","locations":[{"start":{"line":127,"column":6},"end":{"line":127,"column":6}},{"start":{"line":127,"column":6},"end":{"line":127,"column":6}}]},"6":{"line":127,"type":"binary-expr","locations":[{"start":{"line":127,"column":10},"end":{"line":127,"column":51}},{"start":{"line":127,"column":55},"end":{"line":127,"column":69}}]},"7":{"line":152,"type":"if","locations":[{"start":{"line":152,"column":2},"end":{"line":152,"column":2}},{"start":{"line":152,"column":2},"end":{"line":152,"column":2}}]},"8":{"line":154,"type":"if","locations":[{"start":{"line":154,"column":9},"end":{"line":154,"column":9}},{"start":{"line":154,"column":9},"end":{"line":154,"column":9}}]},"9":{"line":156,"type":"if","locations":[{"start":{"line":156,"column":9},"end":{"line":156,"column":9}},{"start":{"line":156,"column":9},"end":{"line":156,"column":9}}]},"10":{"line":156,"type":"binary-expr","locations":[{"start":{"line":156,"column":13},"end":{"line":156,"column":52}},{"start":{"line":156,"column":56},"end":{"line":156,"column":80}}]},"11":{"line":158,"type":"if","locations":[{"start":{"line":158,"column":9},"end":{"line":158,"column":9}},{"start":{"line":158,"column":9},"end":{"line":158,"column":9}}]},"12":{"line":165,"type":"if","locations":[{"start":{"line":165,"column":4},"end":{"line":165,"column":4}},{"start":{"line":165,"column":4},"end":{"line":165,"column":4}}]},"13":{"line":180,"type":"if","locations":[{"start":{"line":180,"column":2},"end":{"line":180,"column":2}},{"start":{"line":180,"column":2},"end":{"line":180,"column":2}}]},"14":{"line":180,"type":"binary-expr","locations":[{"start":{"line":180,"column":6},"end":{"line":180,"column":37}},{"start":{"line":180,"column":41},"end":{"line":180,"column":53}}]},"15":{"line":190,"type":"if","locations":[{"start":{"line":190,"column":2},"end":{"line":190,"column":2}},{"start":{"line":190,"column":2},"end":{"line":190,"column":2}}]},"16":{"line":190,"type":"binary-expr","locations":[{"start":{"line":190,"column":6},"end":{"line":190,"column":37}},{"start":{"line":190,"column":41},"end":{"line":190,"column":53}}]},"17":{"line":192,"type":"if","locations":[{"start":{"line":192,"column":4},"end":{"line":192,"column":4}},{"start":{"line":192,"column":4},"end":{"line":192,"column":4}}]},"18":{"line":193,"type":"cond-expr","locations":[{"start":{"line":193,"column":47},"end":{"line":193,"column":52}},{"start":{"line":193,"column":55},"end":{"line":193,"column":59}}]},"19":{"line":193,"type":"binary-expr","locations":[{"start":{"line":193,"column":15},"end":{"line":193,"column":25}},{"start":{"line":193,"column":29},"end":{"line":193,"column":43}}]},"20":{"line":198,"type":"switch","locations":[{"start":{"line":199,"column":6},"end":{"line":199,"column":24}},{"start":{"line":200,"column":6},"end":{"line":200,"column":28}},{"start":{"line":201,"column":6},"end":{"line":201,"column":39}},{"start":{"line":202,"column":6},"end":{"line":202,"column":37}},{"start":{"line":203,"column":6},"end":{"line":203,"column":36}},{"start":{"line":204,"column":6},"end":{"line":214,"column":14}},{"start":{"line":216,"column":6},"end":{"line":218,"column":28}}]},"21":{"line":205,"type":"if","locations":[{"start":{"line":205,"column":8},"end":{"line":205,"column":8}},{"start":{"line":205,"column":8},"end":{"line":205,"column":8}}]},"22":{"line":205,"type":"binary-expr","locations":[{"start":{"line":205,"column":12},"end":{"line":205,"column":23}},{"start":{"line":205,"column":27},"end":{"line":205,"column":44}},{"start":{"line":205,"column":48},"end":{"line":205,"column":59}}]},"23":{"line":229,"type":"if","locations":[{"start":{"line":229,"column":2},"end":{"line":229,"column":2}},{"start":{"line":229,"column":2},"end":{"line":229,"column":2}}]},"24":{"line":229,"type":"binary-expr","locations":[{"start":{"line":229,"column":6},"end":{"line":229,"column":37}},{"start":{"line":229,"column":41},"end":{"line":229,"column":53}}]},"25":{"line":239,"type":"if","locations":[{"start":{"line":239,"column":2},"end":{"line":239,"column":2}},{"start":{"line":239,"column":2},"end":{"line":239,"column":2}}]},"26":{"line":239,"type":"binary-expr","locations":[{"start":{"line":239,"column":6},"end":{"line":239,"column":37}},{"start":{"line":239,"column":41},"end":{"line":239,"column":53}}]},"27":{"line":249,"type":"if","locations":[{"start":{"line":249,"column":2},"end":{"line":249,"column":2}},{"start":{"line":249,"column":2},"end":{"line":249,"column":2}}]},"28":{"line":249,"type":"binary-expr","locations":[{"start":{"line":249,"column":6},"end":{"line":249,"column":37}},{"start":{"line":249,"column":41},"end":{"line":249,"column":53}}]},"29":{"line":255,"type":"if","locations":[{"start":{"line":255,"column":6},"end":{"line":255,"column":6}},{"start":{"line":255,"column":6},"end":{"line":255,"column":6}}]}},"code":["'use strict';","","var util = require('util');","var path = require('path');","var Utils = require('./utils.js').Utils;","var port, plugin_name, accessories, Characteristic, addAccessory, removeAccessory, getAccessories;","var latest, get_timeout, set_timeout, pre_name, pre_c;","","var WebSocketServer = require('ws').Server,","  http = require('http'),","  express = require('express'),","  app = express();","  ","module.exports = {","  Websocket: Websocket","}","","function Websocket(params) {","","  this.log = params.log;","  port = params.port;","  plugin_name = params.plugin_name;","  accessories = params.accessories;","  Characteristic = params.Characteristic;","  addAccessory = params.addAccessory;","  removeAccessory = params.removeAccessory;","  getAccessories = params.getAccessories;","    ","  this.ws;","}","","Websocket.prototype.startServer = function() {","","  var server = http.createServer(app);","  server.listen(port, function() {","    this.log(\"url %j\", server.address());","  }.bind(this));","  ","  var wsServer = new WebSocketServer({server: server});","  ","  wsServer.on('connection', function(ws) {","  ","    this.ws = ws;","    ","    this.ws.on('open', function open() {  // no event ?","      this.log.debug(\"on.open\");  ","    }.bind(this));","    ","    this.ws.on('message', function message(data) {","      //this.log.debug(\"on.message: %s\", data);","      this.onMessage(data);","    }.bind(this));","    ","    this.ws.on('close', function close() {","      this.log(\"on.close client ip %s disconnected\", ws.upgradeReq.connection.remoteAddress);","    }.bind(this));","    ","    this.ws.on('error', function error(e) {","      this.log.error(\"on.error %s\", e.message);  ","    }.bind(this))","    ","    set_timeout = setTimeout(function() {","      this.log(\"client ip %s connected\", ws.upgradeReq.connection.remoteAddress);","    }.bind(this), 500);","          ","  }.bind(this));","}","","Websocket.prototype.onMessage = function(data) {","","  var msg = JSON.parse(data);","  var topic = msg.topic;","  var accessory = msg.payload;","  var result = {};","  ","  switch (topic) {","    case \"add\":","    case \"addAccessory\":","      this.log.debug(\"onMessage add %s\", JSON.stringify(accessory, null, 2));","      addAccessory(accessory);","      break;","    ","    case \"remove\":","    case \"removeAccessory\":","      removeAccessory(accessory.name);","      break;","    ","    case \"set\":","    case \"setValue\":","      //this.log.debug(\"onMessage setValue %s\", JSON.stringify(accessory));","      this.log.debug(\"setValue %s\", JSON.stringify(accessory));","      result = this.validate(accessory);","      ","      if (result.isValid) {","        accessories[accessory.name].save_and_setValue(\"websocket\", accessory.characteristic, result.value);","      } else {","        this.log.warn(\"setValue %s\", result.message);","        this.sendAck(false, result.message);","      }","      break;","    ","    case \"callback\":","      this.log.debug(\"callback %s\", JSON.stringify(accessory));","      ","        result = this.validate(accessory);","        ","        if (result.isValid) {","          accessories[accessory.name].saveValue(accessory.characteristic, result.value);","        } else {","          this.log.error(\"onMessage %s\", result.message);","          this.sendAck(false, result.message);","        }        ","      break;","      ","    case \"getAccessories\":","    case \"getAccessory\":","    case \"get\":","      var name;","      this.log.debug(\"onMessage get %s\", JSON.stringify(accessory));","      ","      if (typeof(accessory.name) !== \"undefined\") {","        name = accessory.name;","      } else {","        name = \"all\";","      }","      ","      if (typeof(accessories[name]) !== \"undefined\" || name === \"all\") {","        getAccessories(name);","      } else {","        var message = \"name '\" + name + \"' undefined.\";","        this.log.warn(\"onMessage.get %s\", message);","        this.sendAck(false, message);","      }","      break;","    ","    default:","      var message = \"topic '\" + topic + \"' unkown.\";","      this.log.warn(\"onMessage topic %s\", message);","      this.sendAck(false, message);","  }","}","","Websocket.prototype.validate = function(accessory) {","","  var name = accessory.name;","  var c = accessory.characteristic;","  var value = accessory.value;","  ","  var isValid = false;","  var message = \"\";","  ","  if(typeof(accessories[name]) === \"undefined\") {","    message = \"name '\" + name + \"' undefined.\";","  } else if (typeof(Characteristic[c]) !== \"function\") {","      message = \"characteristic '\" + c + \"' undefined.\";","  } else if (typeof(accessory.value) === \"undefined\" || accessory.value === null) {","      message = \"name '\" + name + \"' value undefined.\";","  } else if (typeof(accessories[name].service.getCharacteristic(Characteristic[c])) === \"undefined\"){","    message = \"name '\" + name + \"' characteristic do not match.\";","  } else {","    var result = {};","    result = accessories[name].parseValue(c, value);","    isValid = result.isValid;","    value = result.value;","    if (!isValid) {","      message = \"value '\" + value + \"' outside range\";","    } else {","      message = \"name '\" + name + \"' is valid.\";","    }","  }","  ","  return {isValid: isValid, message: message, value: value};","}","","Websocket.prototype.get = function(name, c, callback) {","  // callback not used","  ","  // this.log.debug(\"get %s %s\", name, c);","  ","  if (typeof(this.ws) !== \"undefined\" && this.ws.OPEN) {","    var data = {\"topic\": \"get\", \"payload\": {\"name\": name, \"characteristic\": c}};","    this.sendData(data);","  } else {","    this.log.debug(\"get client disconnected.\");","  }","}","","Websocket.prototype.set = function(name, c, value, callback) {"," ","  if (typeof(this.ws) !== \"undefined\" && this.ws.OPEN) {       ","","    if (c === \"On\") {","      value = (value == 0 || value == false) ? false : true;","    }","    ","    var data = {\"topic\": \"set\", \"payload\": {\"name\": name, \"characteristic\": c, \"value\": value}};","    ","    switch (c) {","      case \"Brightness\":","      case \"TargetPosition\":","      case \"TargetHorizontalTiltAngle\":","      case \"TargetVerticalTiltAngle\":","      case \"TargetRelativeHumidity\":","      case \"TargetTemperature\":","        if (set_timeout && name === pre_name && c === pre_c) {","          clearTimeout(set_timeout);","        }","        set_timeout = setTimeout(function() {","          this.log.debug(\"set %s %s %s\", name, c, value);","          this.sendData(data);","        }.bind(this), 300);","        pre_name = name;","        pre_c = c;","        break;","        ","      default:","        this.log.debug(\"set %s %s %s\", name, c, value);","        this.sendData(data);","    }","    callback(); // todo error handling","  } else {","    this.log.debug(\"get client disconnected.\");","    callback(\"disconnected\");","  }","}","","Websocket.prototype.sendAccessories = function (accessories) {","","  if (typeof(this.ws) !== \"undefined\" && this.ws.OPEN) {","    var data = {\"topic\": \"accessories\", \"payload\": accessories};","    this.sendData(data);","  } else {","    this.log.error(\"sendAck client disconnected.\");","  }","}","","Websocket.prototype.sendAck = function (ack, message) {","","  if (typeof(this.ws) !== \"undefined\" && this.ws.OPEN) {","    var data = {\"topic\":\"response\", \"payload\": {\"ack\": ack, \"message\": message}}; ","    this.sendData(data);","  } else {","    this.log.error(\"sendAck client disconnected.\");","  }","}","","Websocket.prototype.sendData = function(data) {","","  if (typeof(this.ws) !== \"undefined\" && this.ws.OPEN) {","    var j_data = JSON.stringify(data);","    ","    this.log.debug(\"sendData %s\", JSON.stringify(data)); // JSON.stringify(data, null, 2));","    ","    this.ws.send(j_data, function ack(error) {","      if (error) this.log(\"sendData %s\", error);","    }.bind(this));","  }","}",""],"l":{"3":1,"4":1,"5":1,"6":1,"7":1,"9":1,"14":1,"18":1,"20":0,"21":0,"22":0,"23":0,"24":0,"25":0,"26":0,"27":0,"29":0,"32":1,"34":0,"35":0,"36":0,"39":0,"41":0,"43":0,"45":0,"46":0,"49":0,"51":0,"54":0,"55":0,"58":0,"59":0,"62":0,"63":0,"69":1,"71":0,"72":0,"73":0,"74":0,"76":0,"79":0,"80":0,"81":0,"85":0,"86":0,"91":0,"92":0,"94":0,"95":0,"97":0,"98":0,"100":0,"103":0,"105":0,"107":0,"108":0,"110":0,"111":0,"113":0,"118":0,"119":0,"121":0,"122":0,"124":0,"127":0,"128":0,"130":0,"131":0,"132":0,"134":0,"137":0,"138":0,"139":0,"143":1,"145":0,"146":0,"147":0,"149":0,"150":0,"152":0,"153":0,"154":0,"155":0,"156":0,"157":0,"158":0,"159":0,"161":0,"162":0,"163":0,"164":0,"165":0,"166":0,"168":0,"172":0,"175":1,"180":0,"181":0,"182":0,"184":0,"188":1,"190":0,"192":0,"193":0,"196":0,"198":0,"205":0,"206":0,"208":0,"209":0,"210":0,"212":0,"213":0,"214":0,"217":0,"218":0,"220":0,"222":0,"223":0,"227":1,"229":0,"230":0,"231":0,"233":0,"237":1,"239":0,"240":0,"241":0,"243":0,"247":1,"249":0,"250":0,"252":0,"254":0,"255":0}}}